{"/Users/zacharyplischka/projects/Hobby/dinner_app/backend/src/api/friends.ts": {"path":"/Users/zacharyplischka/projects/Hobby/dinner_app/backend/src/api/friends.ts","all":false,"statementMap":{"0":{"start":{"line":1,"column":0},"end":{"line":1,"column":21}},"1":{"start":{"line":2,"column":0},"end":{"line":2,"column":58}},"2":{"start":{"line":3,"column":0},"end":{"line":3,"column":0}},"3":{"start":{"line":4,"column":0},"end":{"line":4,"column":43}},"4":{"start":{"line":5,"column":0},"end":{"line":5,"column":74}},"5":{"start":{"line":6,"column":0},"end":{"line":6,"column":60}},"6":{"start":{"line":7,"column":0},"end":{"line":7,"column":13}},"7":{"start":{"line":8,"column":0},"end":{"line":8,"column":14}},"8":{"start":{"line":9,"column":0},"end":{"line":9,"column":9}},"9":{"start":{"line":10,"column":0},"end":{"line":10,"column":16}},"10":{"start":{"line":11,"column":0},"end":{"line":11,"column":16}},"11":{"start":{"line":12,"column":0},"end":{"line":12,"column":27}},"12":{"start":{"line":13,"column":0},"end":{"line":13,"column":25}},"13":{"start":{"line":14,"column":0},"end":{"line":14,"column":22}},"14":{"start":{"line":15,"column":0},"end":{"line":15,"column":22}},"15":{"start":{"line":16,"column":0},"end":{"line":16,"column":25}},"16":{"start":{"line":17,"column":0},"end":{"line":17,"column":25}},"17":{"start":{"line":18,"column":0},"end":{"line":18,"column":30}},"18":{"start":{"line":19,"column":0},"end":{"line":19,"column":0}},"19":{"start":{"line":20,"column":0},"end":{"line":20,"column":24}},"20":{"start":{"line":21,"column":0},"end":{"line":21,"column":0}},"21":{"start":{"line":22,"column":0},"end":{"line":22,"column":36}},"22":{"start":{"line":23,"column":0},"end":{"line":23,"column":24}},"23":{"start":{"line":24,"column":0},"end":{"line":24,"column":0}},"24":{"start":{"line":25,"column":0},"end":{"line":25,"column":79}},"25":{"start":{"line":26,"column":0},"end":{"line":26,"column":25}},"26":{"start":{"line":27,"column":0},"end":{"line":27,"column":79}},"27":{"start":{"line":28,"column":0},"end":{"line":28,"column":0}},"28":{"start":{"line":29,"column":0},"end":{"line":29,"column":3}},"29":{"start":{"line":30,"column":0},"end":{"line":30,"column":20}},"30":{"start":{"line":31,"column":0},"end":{"line":31,"column":33}},"31":{"start":{"line":32,"column":0},"end":{"line":32,"column":3}},"32":{"start":{"line":33,"column":0},"end":{"line":33,"column":77}},"33":{"start":{"line":34,"column":0},"end":{"line":34,"column":7}},"34":{"start":{"line":35,"column":0},"end":{"line":35,"column":32}},"35":{"start":{"line":36,"column":0},"end":{"line":36,"column":0}},"36":{"start":{"line":37,"column":0},"end":{"line":37,"column":51}},"37":{"start":{"line":38,"column":0},"end":{"line":38,"column":23}},"38":{"start":{"line":39,"column":0},"end":{"line":39,"column":18}},"39":{"start":{"line":40,"column":0},"end":{"line":40,"column":23}},"40":{"start":{"line":41,"column":0},"end":{"line":41,"column":16}},"41":{"start":{"line":42,"column":0},"end":{"line":42,"column":0}},"42":{"start":{"line":43,"column":0},"end":{"line":43,"column":16}},"43":{"start":{"line":44,"column":0},"end":{"line":44,"column":63}},"44":{"start":{"line":45,"column":0},"end":{"line":45,"column":38}},"45":{"start":{"line":46,"column":0},"end":{"line":46,"column":77}},"46":{"start":{"line":47,"column":0},"end":{"line":47,"column":81}},"47":{"start":{"line":48,"column":0},"end":{"line":48,"column":55}},"48":{"start":{"line":49,"column":0},"end":{"line":49,"column":0}},"49":{"start":{"line":50,"column":0},"end":{"line":50,"column":28}},"50":{"start":{"line":51,"column":0},"end":{"line":51,"column":21}},"51":{"start":{"line":52,"column":0},"end":{"line":52,"column":41}},"52":{"start":{"line":53,"column":0},"end":{"line":53,"column":106}},"53":{"start":{"line":54,"column":0},"end":{"line":54,"column":72}},"54":{"start":{"line":55,"column":0},"end":{"line":55,"column":10}},"55":{"start":{"line":56,"column":0},"end":{"line":56,"column":0}},"56":{"start":{"line":57,"column":0},"end":{"line":57,"column":68}},"57":{"start":{"line":58,"column":0},"end":{"line":58,"column":27}},"58":{"start":{"line":59,"column":0},"end":{"line":59,"column":29}},"59":{"start":{"line":60,"column":0},"end":{"line":60,"column":19}},"60":{"start":{"line":61,"column":0},"end":{"line":61,"column":20}},"61":{"start":{"line":62,"column":0},"end":{"line":62,"column":0}},"62":{"start":{"line":63,"column":0},"end":{"line":63,"column":26}},"63":{"start":{"line":64,"column":0},"end":{"line":64,"column":64}},"64":{"start":{"line":65,"column":0},"end":{"line":65,"column":39}},"65":{"start":{"line":66,"column":0},"end":{"line":66,"column":36}},"66":{"start":{"line":67,"column":0},"end":{"line":67,"column":53}},"67":{"start":{"line":68,"column":0},"end":{"line":68,"column":13}},"68":{"start":{"line":69,"column":0},"end":{"line":69,"column":9}},"69":{"start":{"line":70,"column":0},"end":{"line":70,"column":0}},"70":{"start":{"line":71,"column":0},"end":{"line":71,"column":58}},"71":{"start":{"line":72,"column":0},"end":{"line":72,"column":7}},"72":{"start":{"line":73,"column":0},"end":{"line":73,"column":0}},"73":{"start":{"line":74,"column":0},"end":{"line":74,"column":54}},"74":{"start":{"line":75,"column":0},"end":{"line":75,"column":35}},"75":{"start":{"line":76,"column":0},"end":{"line":76,"column":32}},"76":{"start":{"line":77,"column":0},"end":{"line":77,"column":48}},"77":{"start":{"line":78,"column":0},"end":{"line":78,"column":9}},"78":{"start":{"line":79,"column":0},"end":{"line":79,"column":5}},"79":{"start":{"line":80,"column":0},"end":{"line":80,"column":0}},"80":{"start":{"line":81,"column":0},"end":{"line":81,"column":54}},"81":{"start":{"line":82,"column":0},"end":{"line":82,"column":19}},"82":{"start":{"line":83,"column":0},"end":{"line":83,"column":52}},"83":{"start":{"line":84,"column":0},"end":{"line":84,"column":33}},"84":{"start":{"line":85,"column":0},"end":{"line":85,"column":30}},"85":{"start":{"line":86,"column":0},"end":{"line":86,"column":46}},"86":{"start":{"line":87,"column":0},"end":{"line":87,"column":7}},"87":{"start":{"line":88,"column":0},"end":{"line":88,"column":3}},"88":{"start":{"line":89,"column":0},"end":{"line":89,"column":3}},"89":{"start":{"line":90,"column":0},"end":{"line":90,"column":0}},"90":{"start":{"line":91,"column":0},"end":{"line":91,"column":3}},"91":{"start":{"line":92,"column":0},"end":{"line":92,"column":38}},"92":{"start":{"line":93,"column":0},"end":{"line":93,"column":40}},"93":{"start":{"line":94,"column":0},"end":{"line":94,"column":3}},"94":{"start":{"line":95,"column":0},"end":{"line":95,"column":81}},"95":{"start":{"line":96,"column":0},"end":{"line":96,"column":7}},"96":{"start":{"line":97,"column":0},"end":{"line":97,"column":32}},"97":{"start":{"line":98,"column":0},"end":{"line":98,"column":32}},"98":{"start":{"line":99,"column":0},"end":{"line":99,"column":0}},"99":{"start":{"line":100,"column":0},"end":{"line":100,"column":46}},"100":{"start":{"line":101,"column":0},"end":{"line":101,"column":35}},"101":{"start":{"line":102,"column":0},"end":{"line":102,"column":34}},"102":{"start":{"line":103,"column":0},"end":{"line":103,"column":53}},"103":{"start":{"line":104,"column":0},"end":{"line":104,"column":9}},"104":{"start":{"line":105,"column":0},"end":{"line":105,"column":5}},"105":{"start":{"line":106,"column":0},"end":{"line":106,"column":0}},"106":{"start":{"line":107,"column":0},"end":{"line":107,"column":50}},"107":{"start":{"line":108,"column":0},"end":{"line":108,"column":49}},"108":{"start":{"line":109,"column":0},"end":{"line":109,"column":23}},"109":{"start":{"line":110,"column":0},"end":{"line":110,"column":18}},"110":{"start":{"line":111,"column":0},"end":{"line":111,"column":39}},"111":{"start":{"line":112,"column":0},"end":{"line":112,"column":57}},"112":{"start":{"line":113,"column":0},"end":{"line":113,"column":17}},"113":{"start":{"line":114,"column":0},"end":{"line":114,"column":0}},"114":{"start":{"line":115,"column":0},"end":{"line":115,"column":16}},"115":{"start":{"line":116,"column":0},"end":{"line":116,"column":53}},"116":{"start":{"line":117,"column":0},"end":{"line":117,"column":35}},"117":{"start":{"line":118,"column":0},"end":{"line":118,"column":32}},"118":{"start":{"line":119,"column":0},"end":{"line":119,"column":42}},"119":{"start":{"line":120,"column":0},"end":{"line":120,"column":9}},"120":{"start":{"line":121,"column":0},"end":{"line":121,"column":5}},"121":{"start":{"line":122,"column":0},"end":{"line":122,"column":0}},"122":{"start":{"line":123,"column":0},"end":{"line":123,"column":43}},"123":{"start":{"line":124,"column":0},"end":{"line":124,"column":56}},"124":{"start":{"line":125,"column":0},"end":{"line":125,"column":6}},"125":{"start":{"line":126,"column":0},"end":{"line":126,"column":0}},"126":{"start":{"line":127,"column":0},"end":{"line":127,"column":30}},"127":{"start":{"line":128,"column":0},"end":{"line":128,"column":19}},"128":{"start":{"line":129,"column":0},"end":{"line":129,"column":56}},"129":{"start":{"line":130,"column":0},"end":{"line":130,"column":33}},"130":{"start":{"line":131,"column":0},"end":{"line":131,"column":30}},"131":{"start":{"line":132,"column":0},"end":{"line":132,"column":46}},"132":{"start":{"line":133,"column":0},"end":{"line":133,"column":7}},"133":{"start":{"line":134,"column":0},"end":{"line":134,"column":3}},"134":{"start":{"line":135,"column":0},"end":{"line":135,"column":3}},"135":{"start":{"line":136,"column":0},"end":{"line":136,"column":0}},"136":{"start":{"line":137,"column":0},"end":{"line":137,"column":79}},"137":{"start":{"line":138,"column":0},"end":{"line":138,"column":20}},"138":{"start":{"line":139,"column":0},"end":{"line":139,"column":79}},"139":{"start":{"line":140,"column":0},"end":{"line":140,"column":0}},"140":{"start":{"line":141,"column":0},"end":{"line":141,"column":3}},"141":{"start":{"line":142,"column":0},"end":{"line":142,"column":19}},"142":{"start":{"line":143,"column":0},"end":{"line":143,"column":49}},"143":{"start":{"line":144,"column":0},"end":{"line":144,"column":3}},"144":{"start":{"line":145,"column":0},"end":{"line":145,"column":76}},"145":{"start":{"line":146,"column":0},"end":{"line":146,"column":7}},"146":{"start":{"line":147,"column":0},"end":{"line":147,"column":32}},"147":{"start":{"line":148,"column":0},"end":{"line":148,"column":0}},"148":{"start":{"line":149,"column":0},"end":{"line":149,"column":68}},"149":{"start":{"line":150,"column":0},"end":{"line":150,"column":31}},"150":{"start":{"line":151,"column":0},"end":{"line":151,"column":55}},"151":{"start":{"line":152,"column":0},"end":{"line":152,"column":26}},"152":{"start":{"line":153,"column":0},"end":{"line":153,"column":15}},"153":{"start":{"line":154,"column":0},"end":{"line":154,"column":11}},"154":{"start":{"line":155,"column":0},"end":{"line":155,"column":16}},"155":{"start":{"line":156,"column":0},"end":{"line":156,"column":18}},"156":{"start":{"line":157,"column":0},"end":{"line":157,"column":15}},"157":{"start":{"line":158,"column":0},"end":{"line":158,"column":18}},"158":{"start":{"line":159,"column":0},"end":{"line":159,"column":8}},"159":{"start":{"line":160,"column":0},"end":{"line":160,"column":56}},"160":{"start":{"line":161,"column":0},"end":{"line":161,"column":32}},"161":{"start":{"line":162,"column":0},"end":{"line":162,"column":0}},"162":{"start":{"line":163,"column":0},"end":{"line":163,"column":16}},"163":{"start":{"line":164,"column":0},"end":{"line":164,"column":58}},"164":{"start":{"line":165,"column":0},"end":{"line":165,"column":35}},"165":{"start":{"line":166,"column":0},"end":{"line":166,"column":32}},"166":{"start":{"line":167,"column":0},"end":{"line":167,"column":43}},"167":{"start":{"line":168,"column":0},"end":{"line":168,"column":9}},"168":{"start":{"line":169,"column":0},"end":{"line":169,"column":5}},"169":{"start":{"line":170,"column":0},"end":{"line":170,"column":0}},"170":{"start":{"line":171,"column":0},"end":{"line":171,"column":69}},"171":{"start":{"line":172,"column":0},"end":{"line":172,"column":44}},"172":{"start":{"line":173,"column":0},"end":{"line":173,"column":52}},"173":{"start":{"line":174,"column":0},"end":{"line":174,"column":6}},"174":{"start":{"line":175,"column":0},"end":{"line":175,"column":0}},"175":{"start":{"line":176,"column":0},"end":{"line":176,"column":33}},"176":{"start":{"line":177,"column":0},"end":{"line":177,"column":62}},"177":{"start":{"line":178,"column":0},"end":{"line":178,"column":5}},"178":{"start":{"line":179,"column":0},"end":{"line":179,"column":0}},"179":{"start":{"line":180,"column":0},"end":{"line":180,"column":37}},"180":{"start":{"line":181,"column":0},"end":{"line":181,"column":67}},"181":{"start":{"line":182,"column":0},"end":{"line":182,"column":23}},"182":{"start":{"line":183,"column":0},"end":{"line":183,"column":18}},"183":{"start":{"line":184,"column":0},"end":{"line":184,"column":27}},"184":{"start":{"line":185,"column":0},"end":{"line":185,"column":0}},"185":{"start":{"line":186,"column":0},"end":{"line":186,"column":24}},"186":{"start":{"line":187,"column":0},"end":{"line":187,"column":70}},"187":{"start":{"line":188,"column":0},"end":{"line":188,"column":35}},"188":{"start":{"line":189,"column":0},"end":{"line":189,"column":32}},"189":{"start":{"line":190,"column":0},"end":{"line":190,"column":51}},"190":{"start":{"line":191,"column":0},"end":{"line":191,"column":9}},"191":{"start":{"line":192,"column":0},"end":{"line":192,"column":5}},"192":{"start":{"line":193,"column":0},"end":{"line":193,"column":0}},"193":{"start":{"line":194,"column":0},"end":{"line":194,"column":40}},"194":{"start":{"line":195,"column":0},"end":{"line":195,"column":63}},"195":{"start":{"line":196,"column":0},"end":{"line":196,"column":97}},"196":{"start":{"line":197,"column":0},"end":{"line":197,"column":62}},"197":{"start":{"line":198,"column":0},"end":{"line":198,"column":0}},"198":{"start":{"line":199,"column":0},"end":{"line":199,"column":14}},"199":{"start":{"line":200,"column":0},"end":{"line":200,"column":21}},"200":{"start":{"line":201,"column":0},"end":{"line":201,"column":36}},"201":{"start":{"line":202,"column":0},"end":{"line":202,"column":61}},"202":{"start":{"line":203,"column":0},"end":{"line":203,"column":47}},"203":{"start":{"line":204,"column":0},"end":{"line":204,"column":38}},"204":{"start":{"line":205,"column":0},"end":{"line":205,"column":36}},"205":{"start":{"line":206,"column":0},"end":{"line":206,"column":8}},"206":{"start":{"line":207,"column":0},"end":{"line":207,"column":7}},"207":{"start":{"line":208,"column":0},"end":{"line":208,"column":0}},"208":{"start":{"line":209,"column":0},"end":{"line":209,"column":54}},"209":{"start":{"line":210,"column":0},"end":{"line":210,"column":30}},"210":{"start":{"line":211,"column":0},"end":{"line":211,"column":19}},"211":{"start":{"line":212,"column":0},"end":{"line":212,"column":51}},"212":{"start":{"line":213,"column":0},"end":{"line":213,"column":33}},"213":{"start":{"line":214,"column":0},"end":{"line":214,"column":30}},"214":{"start":{"line":215,"column":0},"end":{"line":215,"column":46}},"215":{"start":{"line":216,"column":0},"end":{"line":216,"column":7}},"216":{"start":{"line":217,"column":0},"end":{"line":217,"column":3}},"217":{"start":{"line":218,"column":0},"end":{"line":218,"column":3}},"218":{"start":{"line":219,"column":0},"end":{"line":219,"column":0}},"219":{"start":{"line":220,"column":0},"end":{"line":220,"column":3}},"220":{"start":{"line":221,"column":0},"end":{"line":221,"column":28}},"221":{"start":{"line":222,"column":0},"end":{"line":222,"column":77}},"222":{"start":{"line":223,"column":0},"end":{"line":223,"column":3}},"223":{"start":{"line":224,"column":0},"end":{"line":224,"column":85}},"224":{"start":{"line":225,"column":0},"end":{"line":225,"column":7}},"225":{"start":{"line":226,"column":0},"end":{"line":226,"column":32}},"226":{"start":{"line":227,"column":0},"end":{"line":227,"column":0}},"227":{"start":{"line":228,"column":0},"end":{"line":228,"column":79}},"228":{"start":{"line":229,"column":0},"end":{"line":229,"column":52}},"229":{"start":{"line":230,"column":0},"end":{"line":230,"column":26}},"230":{"start":{"line":231,"column":0},"end":{"line":231,"column":15}},"231":{"start":{"line":232,"column":0},"end":{"line":232,"column":11}},"232":{"start":{"line":233,"column":0},"end":{"line":233,"column":16}},"233":{"start":{"line":234,"column":0},"end":{"line":234,"column":18}},"234":{"start":{"line":235,"column":0},"end":{"line":235,"column":8}},"235":{"start":{"line":236,"column":0},"end":{"line":236,"column":30}},"236":{"start":{"line":237,"column":0},"end":{"line":237,"column":31}},"237":{"start":{"line":238,"column":0},"end":{"line":238,"column":0}},"238":{"start":{"line":239,"column":0},"end":{"line":239,"column":16}},"239":{"start":{"line":240,"column":0},"end":{"line":240,"column":62}},"240":{"start":{"line":241,"column":0},"end":{"line":241,"column":35}},"241":{"start":{"line":242,"column":0},"end":{"line":242,"column":32}},"242":{"start":{"line":243,"column":0},"end":{"line":243,"column":51}},"243":{"start":{"line":244,"column":0},"end":{"line":244,"column":9}},"244":{"start":{"line":245,"column":0},"end":{"line":245,"column":5}},"245":{"start":{"line":246,"column":0},"end":{"line":246,"column":0}},"246":{"start":{"line":247,"column":0},"end":{"line":247,"column":45}},"247":{"start":{"line":248,"column":0},"end":{"line":248,"column":66}},"248":{"start":{"line":249,"column":0},"end":{"line":249,"column":5}},"249":{"start":{"line":250,"column":0},"end":{"line":250,"column":0}},"250":{"start":{"line":251,"column":0},"end":{"line":251,"column":40}},"251":{"start":{"line":252,"column":0},"end":{"line":252,"column":56}},"252":{"start":{"line":253,"column":0},"end":{"line":253,"column":67}},"253":{"start":{"line":254,"column":0},"end":{"line":254,"column":23}},"254":{"start":{"line":255,"column":0},"end":{"line":255,"column":18}},"255":{"start":{"line":256,"column":0},"end":{"line":256,"column":30}},"256":{"start":{"line":257,"column":0},"end":{"line":257,"column":0}},"257":{"start":{"line":258,"column":0},"end":{"line":258,"column":24}},"258":{"start":{"line":259,"column":0},"end":{"line":259,"column":73}},"259":{"start":{"line":260,"column":0},"end":{"line":260,"column":35}},"260":{"start":{"line":261,"column":0},"end":{"line":261,"column":32}},"261":{"start":{"line":262,"column":0},"end":{"line":262,"column":54}},"262":{"start":{"line":263,"column":0},"end":{"line":263,"column":9}},"263":{"start":{"line":264,"column":0},"end":{"line":264,"column":5}},"264":{"start":{"line":265,"column":0},"end":{"line":265,"column":0}},"265":{"start":{"line":266,"column":0},"end":{"line":266,"column":35}},"266":{"start":{"line":267,"column":0},"end":{"line":267,"column":71}},"267":{"start":{"line":268,"column":0},"end":{"line":268,"column":70}},"268":{"start":{"line":269,"column":0},"end":{"line":269,"column":0}},"269":{"start":{"line":270,"column":0},"end":{"line":270,"column":14}},"270":{"start":{"line":271,"column":0},"end":{"line":271,"column":23}},"271":{"start":{"line":272,"column":0},"end":{"line":272,"column":54}},"272":{"start":{"line":273,"column":0},"end":{"line":273,"column":30}},"273":{"start":{"line":274,"column":0},"end":{"line":274,"column":39}},"274":{"start":{"line":275,"column":0},"end":{"line":275,"column":27}},"275":{"start":{"line":276,"column":0},"end":{"line":276,"column":22}},"276":{"start":{"line":277,"column":0},"end":{"line":277,"column":11}},"277":{"start":{"line":278,"column":0},"end":{"line":278,"column":38}},"278":{"start":{"line":279,"column":0},"end":{"line":279,"column":8}},"279":{"start":{"line":280,"column":0},"end":{"line":280,"column":7}},"280":{"start":{"line":281,"column":0},"end":{"line":281,"column":0}},"281":{"start":{"line":282,"column":0},"end":{"line":282,"column":74}},"282":{"start":{"line":283,"column":0},"end":{"line":283,"column":30}},"283":{"start":{"line":284,"column":0},"end":{"line":284,"column":19}},"284":{"start":{"line":285,"column":0},"end":{"line":285,"column":60}},"285":{"start":{"line":286,"column":0},"end":{"line":286,"column":33}},"286":{"start":{"line":287,"column":0},"end":{"line":287,"column":30}},"287":{"start":{"line":288,"column":0},"end":{"line":288,"column":46}},"288":{"start":{"line":289,"column":0},"end":{"line":289,"column":7}},"289":{"start":{"line":290,"column":0},"end":{"line":290,"column":3}},"290":{"start":{"line":291,"column":0},"end":{"line":291,"column":3}},"291":{"start":{"line":292,"column":0},"end":{"line":292,"column":0}},"292":{"start":{"line":293,"column":0},"end":{"line":293,"column":3}},"293":{"start":{"line":294,"column":0},"end":{"line":294,"column":28}},"294":{"start":{"line":295,"column":0},"end":{"line":295,"column":43}},"295":{"start":{"line":296,"column":0},"end":{"line":296,"column":3}},"296":{"start":{"line":297,"column":0},"end":{"line":297,"column":85}},"297":{"start":{"line":298,"column":0},"end":{"line":298,"column":7}},"298":{"start":{"line":299,"column":0},"end":{"line":299,"column":32}},"299":{"start":{"line":300,"column":0},"end":{"line":300,"column":59}},"300":{"start":{"line":301,"column":0},"end":{"line":301,"column":0}},"301":{"start":{"line":302,"column":0},"end":{"line":302,"column":17}},"302":{"start":{"line":303,"column":0},"end":{"line":303,"column":35}},"303":{"start":{"line":304,"column":0},"end":{"line":304,"column":34}},"304":{"start":{"line":305,"column":0},"end":{"line":305,"column":37}},"305":{"start":{"line":306,"column":0},"end":{"line":306,"column":9}},"306":{"start":{"line":307,"column":0},"end":{"line":307,"column":5}},"307":{"start":{"line":308,"column":0},"end":{"line":308,"column":0}},"308":{"start":{"line":309,"column":0},"end":{"line":309,"column":29}},"309":{"start":{"line":310,"column":0},"end":{"line":310,"column":65}},"310":{"start":{"line":311,"column":0},"end":{"line":311,"column":23}},"311":{"start":{"line":312,"column":0},"end":{"line":312,"column":19}},"312":{"start":{"line":313,"column":0},"end":{"line":313,"column":39}},"313":{"start":{"line":314,"column":0},"end":{"line":314,"column":16}},"314":{"start":{"line":315,"column":0},"end":{"line":315,"column":0}},"315":{"start":{"line":316,"column":0},"end":{"line":316,"column":35}},"316":{"start":{"line":317,"column":0},"end":{"line":317,"column":35}},"317":{"start":{"line":318,"column":0},"end":{"line":318,"column":27}},"318":{"start":{"line":319,"column":0},"end":{"line":319,"column":50}},"319":{"start":{"line":320,"column":0},"end":{"line":320,"column":9}},"320":{"start":{"line":321,"column":0},"end":{"line":321,"column":5}},"321":{"start":{"line":322,"column":0},"end":{"line":322,"column":0}},"322":{"start":{"line":323,"column":0},"end":{"line":323,"column":35}},"323":{"start":{"line":324,"column":0},"end":{"line":324,"column":35}},"324":{"start":{"line":325,"column":0},"end":{"line":325,"column":34}},"325":{"start":{"line":326,"column":0},"end":{"line":326,"column":64}},"326":{"start":{"line":327,"column":0},"end":{"line":327,"column":9}},"327":{"start":{"line":328,"column":0},"end":{"line":328,"column":5}},"328":{"start":{"line":329,"column":0},"end":{"line":329,"column":0}},"329":{"start":{"line":330,"column":0},"end":{"line":330,"column":65}},"330":{"start":{"line":331,"column":0},"end":{"line":331,"column":74}},"331":{"start":{"line":332,"column":0},"end":{"line":332,"column":26}},"332":{"start":{"line":333,"column":0},"end":{"line":333,"column":27}},"333":{"start":{"line":334,"column":0},"end":{"line":334,"column":10}},"334":{"start":{"line":335,"column":0},"end":{"line":335,"column":68}},"335":{"start":{"line":336,"column":0},"end":{"line":336,"column":65}},"336":{"start":{"line":337,"column":0},"end":{"line":337,"column":7}},"337":{"start":{"line":338,"column":0},"end":{"line":338,"column":21}},"338":{"start":{"line":339,"column":0},"end":{"line":339,"column":0}},"339":{"start":{"line":340,"column":0},"end":{"line":340,"column":21}},"340":{"start":{"line":341,"column":0},"end":{"line":341,"column":71}},"341":{"start":{"line":342,"column":0},"end":{"line":342,"column":35}},"342":{"start":{"line":343,"column":0},"end":{"line":343,"column":32}},"343":{"start":{"line":344,"column":0},"end":{"line":344,"column":55}},"344":{"start":{"line":345,"column":0},"end":{"line":345,"column":9}},"345":{"start":{"line":346,"column":0},"end":{"line":346,"column":5}},"346":{"start":{"line":347,"column":0},"end":{"line":347,"column":0}},"347":{"start":{"line":348,"column":0},"end":{"line":348,"column":29}},"348":{"start":{"line":349,"column":0},"end":{"line":349,"column":53}},"349":{"start":{"line":350,"column":0},"end":{"line":350,"column":37}},"350":{"start":{"line":351,"column":0},"end":{"line":351,"column":35}},"351":{"start":{"line":352,"column":0},"end":{"line":352,"column":60}},"352":{"start":{"line":353,"column":0},"end":{"line":353,"column":11}},"353":{"start":{"line":354,"column":0},"end":{"line":354,"column":7}},"354":{"start":{"line":355,"column":0},"end":{"line":355,"column":52}},"355":{"start":{"line":356,"column":0},"end":{"line":356,"column":37}},"356":{"start":{"line":357,"column":0},"end":{"line":357,"column":35}},"357":{"start":{"line":358,"column":0},"end":{"line":358,"column":57}},"358":{"start":{"line":359,"column":0},"end":{"line":359,"column":11}},"359":{"start":{"line":360,"column":0},"end":{"line":360,"column":7}},"360":{"start":{"line":361,"column":0},"end":{"line":361,"column":52}},"361":{"start":{"line":362,"column":0},"end":{"line":362,"column":37}},"362":{"start":{"line":363,"column":0},"end":{"line":363,"column":27}},"363":{"start":{"line":364,"column":0},"end":{"line":364,"column":51}},"364":{"start":{"line":365,"column":0},"end":{"line":365,"column":11}},"365":{"start":{"line":366,"column":0},"end":{"line":366,"column":7}},"366":{"start":{"line":367,"column":0},"end":{"line":367,"column":5}},"367":{"start":{"line":368,"column":0},"end":{"line":368,"column":0}},"368":{"start":{"line":369,"column":0},"end":{"line":369,"column":32}},"369":{"start":{"line":370,"column":0},"end":{"line":370,"column":67}},"370":{"start":{"line":371,"column":0},"end":{"line":371,"column":26}},"371":{"start":{"line":372,"column":0},"end":{"line":372,"column":15}},"372":{"start":{"line":373,"column":0},"end":{"line":373,"column":24}},"373":{"start":{"line":374,"column":0},"end":{"line":374,"column":33}},"374":{"start":{"line":375,"column":0},"end":{"line":375,"column":26}},"375":{"start":{"line":376,"column":0},"end":{"line":376,"column":8}},"376":{"start":{"line":377,"column":0},"end":{"line":377,"column":15}},"377":{"start":{"line":378,"column":0},"end":{"line":378,"column":16}},"378":{"start":{"line":379,"column":0},"end":{"line":379,"column":0}},"379":{"start":{"line":380,"column":0},"end":{"line":380,"column":22}},"380":{"start":{"line":381,"column":0},"end":{"line":381,"column":67}},"381":{"start":{"line":382,"column":0},"end":{"line":382,"column":35}},"382":{"start":{"line":383,"column":0},"end":{"line":383,"column":32}},"383":{"start":{"line":384,"column":0},"end":{"line":384,"column":51}},"384":{"start":{"line":385,"column":0},"end":{"line":385,"column":9}},"385":{"start":{"line":386,"column":0},"end":{"line":386,"column":5}},"386":{"start":{"line":387,"column":0},"end":{"line":387,"column":0}},"387":{"start":{"line":388,"column":0},"end":{"line":388,"column":33}},"388":{"start":{"line":389,"column":0},"end":{"line":389,"column":20}},"389":{"start":{"line":390,"column":0},"end":{"line":390,"column":31}},"390":{"start":{"line":391,"column":0},"end":{"line":391,"column":37}},"391":{"start":{"line":392,"column":0},"end":{"line":392,"column":7}},"392":{"start":{"line":393,"column":0},"end":{"line":393,"column":19}},"393":{"start":{"line":394,"column":0},"end":{"line":394,"column":60}},"394":{"start":{"line":395,"column":0},"end":{"line":395,"column":33}},"395":{"start":{"line":396,"column":0},"end":{"line":396,"column":30}},"396":{"start":{"line":397,"column":0},"end":{"line":397,"column":46}},"397":{"start":{"line":398,"column":0},"end":{"line":398,"column":7}},"398":{"start":{"line":399,"column":0},"end":{"line":399,"column":3}},"399":{"start":{"line":400,"column":0},"end":{"line":400,"column":3}},"400":{"start":{"line":401,"column":0},"end":{"line":401,"column":0}},"401":{"start":{"line":402,"column":0},"end":{"line":402,"column":3}},"402":{"start":{"line":403,"column":0},"end":{"line":403,"column":38}},"403":{"start":{"line":404,"column":0},"end":{"line":404,"column":26}},"404":{"start":{"line":405,"column":0},"end":{"line":405,"column":3}},"405":{"start":{"line":406,"column":0},"end":{"line":406,"column":95}},"406":{"start":{"line":407,"column":0},"end":{"line":407,"column":7}},"407":{"start":{"line":408,"column":0},"end":{"line":408,"column":32}},"408":{"start":{"line":409,"column":0},"end":{"line":409,"column":37}},"409":{"start":{"line":410,"column":0},"end":{"line":410,"column":0}},"410":{"start":{"line":411,"column":0},"end":{"line":411,"column":71}},"411":{"start":{"line":412,"column":0},"end":{"line":412,"column":62}},"412":{"start":{"line":413,"column":0},"end":{"line":413,"column":26}},"413":{"start":{"line":414,"column":0},"end":{"line":414,"column":18}},"414":{"start":{"line":415,"column":0},"end":{"line":415,"column":26}},"415":{"start":{"line":416,"column":0},"end":{"line":416,"column":30}},"416":{"start":{"line":417,"column":0},"end":{"line":417,"column":30}},"417":{"start":{"line":418,"column":0},"end":{"line":418,"column":16}},"418":{"start":{"line":419,"column":0},"end":{"line":419,"column":0}},"419":{"start":{"line":420,"column":0},"end":{"line":420,"column":32}},"420":{"start":{"line":421,"column":0},"end":{"line":421,"column":35}},"421":{"start":{"line":422,"column":0},"end":{"line":422,"column":27}},"422":{"start":{"line":423,"column":0},"end":{"line":423,"column":44}},"423":{"start":{"line":424,"column":0},"end":{"line":424,"column":9}},"424":{"start":{"line":425,"column":0},"end":{"line":425,"column":5}},"425":{"start":{"line":426,"column":0},"end":{"line":426,"column":0}},"426":{"start":{"line":427,"column":0},"end":{"line":427,"column":37}},"427":{"start":{"line":428,"column":0},"end":{"line":428,"column":49}},"428":{"start":{"line":429,"column":0},"end":{"line":429,"column":26}},"429":{"start":{"line":430,"column":0},"end":{"line":430,"column":75}},"430":{"start":{"line":431,"column":0},"end":{"line":431,"column":27}},"431":{"start":{"line":432,"column":0},"end":{"line":432,"column":0}},"432":{"start":{"line":433,"column":0},"end":{"line":433,"column":22}},"433":{"start":{"line":434,"column":0},"end":{"line":434,"column":68}},"434":{"start":{"line":435,"column":0},"end":{"line":435,"column":35}},"435":{"start":{"line":436,"column":0},"end":{"line":436,"column":32}},"436":{"start":{"line":437,"column":0},"end":{"line":437,"column":51}},"437":{"start":{"line":438,"column":0},"end":{"line":438,"column":9}},"438":{"start":{"line":439,"column":0},"end":{"line":439,"column":5}},"439":{"start":{"line":440,"column":0},"end":{"line":440,"column":0}},"440":{"start":{"line":441,"column":0},"end":{"line":441,"column":21}},"441":{"start":{"line":442,"column":0},"end":{"line":442,"column":20}},"442":{"start":{"line":443,"column":0},"end":{"line":443,"column":41}},"443":{"start":{"line":444,"column":0},"end":{"line":444,"column":7}},"444":{"start":{"line":445,"column":0},"end":{"line":445,"column":19}},"445":{"start":{"line":446,"column":0},"end":{"line":446,"column":70}},"446":{"start":{"line":447,"column":0},"end":{"line":447,"column":33}},"447":{"start":{"line":448,"column":0},"end":{"line":448,"column":30}},"448":{"start":{"line":449,"column":0},"end":{"line":449,"column":46}},"449":{"start":{"line":450,"column":0},"end":{"line":450,"column":7}},"450":{"start":{"line":451,"column":0},"end":{"line":451,"column":3}},"451":{"start":{"line":452,"column":0},"end":{"line":452,"column":3}},"452":{"start":{"line":453,"column":0},"end":{"line":453,"column":0}},"453":{"start":{"line":454,"column":0},"end":{"line":454,"column":3}},"454":{"start":{"line":455,"column":0},"end":{"line":455,"column":39}},"455":{"start":{"line":456,"column":0},"end":{"line":456,"column":27}},"456":{"start":{"line":457,"column":0},"end":{"line":457,"column":3}},"457":{"start":{"line":458,"column":0},"end":{"line":458,"column":96}},"458":{"start":{"line":459,"column":0},"end":{"line":459,"column":7}},"459":{"start":{"line":460,"column":0},"end":{"line":460,"column":32}},"460":{"start":{"line":461,"column":0},"end":{"line":461,"column":37}},"461":{"start":{"line":462,"column":0},"end":{"line":462,"column":0}},"462":{"start":{"line":463,"column":0},"end":{"line":463,"column":82}},"463":{"start":{"line":464,"column":0},"end":{"line":464,"column":49}},"464":{"start":{"line":465,"column":0},"end":{"line":465,"column":26}},"465":{"start":{"line":466,"column":0},"end":{"line":466,"column":15}},"466":{"start":{"line":467,"column":0},"end":{"line":467,"column":26}},"467":{"start":{"line":468,"column":0},"end":{"line":468,"column":30}},"468":{"start":{"line":469,"column":0},"end":{"line":469,"column":31}},"469":{"start":{"line":470,"column":0},"end":{"line":470,"column":0}},"470":{"start":{"line":471,"column":0},"end":{"line":471,"column":22}},"471":{"start":{"line":472,"column":0},"end":{"line":472,"column":68}},"472":{"start":{"line":473,"column":0},"end":{"line":473,"column":35}},"473":{"start":{"line":474,"column":0},"end":{"line":474,"column":32}},"474":{"start":{"line":475,"column":0},"end":{"line":475,"column":52}},"475":{"start":{"line":476,"column":0},"end":{"line":476,"column":9}},"476":{"start":{"line":477,"column":0},"end":{"line":477,"column":5}},"477":{"start":{"line":478,"column":0},"end":{"line":478,"column":0}},"478":{"start":{"line":479,"column":0},"end":{"line":479,"column":21}},"479":{"start":{"line":480,"column":0},"end":{"line":480,"column":20}},"480":{"start":{"line":481,"column":0},"end":{"line":481,"column":41}},"481":{"start":{"line":482,"column":0},"end":{"line":482,"column":7}},"482":{"start":{"line":483,"column":0},"end":{"line":483,"column":19}},"483":{"start":{"line":484,"column":0},"end":{"line":484,"column":71}},"484":{"start":{"line":485,"column":0},"end":{"line":485,"column":33}},"485":{"start":{"line":486,"column":0},"end":{"line":486,"column":30}},"486":{"start":{"line":487,"column":0},"end":{"line":487,"column":46}},"487":{"start":{"line":488,"column":0},"end":{"line":488,"column":7}},"488":{"start":{"line":489,"column":0},"end":{"line":489,"column":3}},"489":{"start":{"line":490,"column":0},"end":{"line":490,"column":3}},"490":{"start":{"line":491,"column":0},"end":{"line":491,"column":0}},"491":{"start":{"line":492,"column":0},"end":{"line":492,"column":3}},"492":{"start":{"line":493,"column":0},"end":{"line":493,"column":32}},"493":{"start":{"line":494,"column":0},"end":{"line":494,"column":29}},"494":{"start":{"line":495,"column":0},"end":{"line":495,"column":3}},"495":{"start":{"line":496,"column":0},"end":{"line":496,"column":89}},"496":{"start":{"line":497,"column":0},"end":{"line":497,"column":7}},"497":{"start":{"line":498,"column":0},"end":{"line":498,"column":32}},"498":{"start":{"line":499,"column":0},"end":{"line":499,"column":36}},"499":{"start":{"line":500,"column":0},"end":{"line":500,"column":0}},"500":{"start":{"line":501,"column":0},"end":{"line":501,"column":48}},"501":{"start":{"line":502,"column":0},"end":{"line":502,"column":49}},"502":{"start":{"line":503,"column":0},"end":{"line":503,"column":26}},"503":{"start":{"line":504,"column":0},"end":{"line":504,"column":15}},"504":{"start":{"line":505,"column":0},"end":{"line":505,"column":10}},"505":{"start":{"line":506,"column":0},"end":{"line":506,"column":63}},"506":{"start":{"line":507,"column":0},"end":{"line":507,"column":60}},"507":{"start":{"line":508,"column":0},"end":{"line":508,"column":8}},"508":{"start":{"line":509,"column":0},"end":{"line":509,"column":0}},"509":{"start":{"line":510,"column":0},"end":{"line":510,"column":22}},"510":{"start":{"line":511,"column":0},"end":{"line":511,"column":59}},"511":{"start":{"line":512,"column":0},"end":{"line":512,"column":35}},"512":{"start":{"line":513,"column":0},"end":{"line":513,"column":32}},"513":{"start":{"line":514,"column":0},"end":{"line":514,"column":43}},"514":{"start":{"line":515,"column":0},"end":{"line":515,"column":9}},"515":{"start":{"line":516,"column":0},"end":{"line":516,"column":5}},"516":{"start":{"line":517,"column":0},"end":{"line":517,"column":0}},"517":{"start":{"line":518,"column":0},"end":{"line":518,"column":21}},"518":{"start":{"line":519,"column":0},"end":{"line":519,"column":20}},"519":{"start":{"line":520,"column":0},"end":{"line":520,"column":32}},"520":{"start":{"line":521,"column":0},"end":{"line":521,"column":7}},"521":{"start":{"line":522,"column":0},"end":{"line":522,"column":19}},"522":{"start":{"line":523,"column":0},"end":{"line":523,"column":64}},"523":{"start":{"line":524,"column":0},"end":{"line":524,"column":33}},"524":{"start":{"line":525,"column":0},"end":{"line":525,"column":30}},"525":{"start":{"line":526,"column":0},"end":{"line":526,"column":46}},"526":{"start":{"line":527,"column":0},"end":{"line":527,"column":7}},"527":{"start":{"line":528,"column":0},"end":{"line":528,"column":3}},"528":{"start":{"line":529,"column":0},"end":{"line":529,"column":3}},"529":{"start":{"line":530,"column":0},"end":{"line":530,"column":0}},"530":{"start":{"line":531,"column":0},"end":{"line":531,"column":79}},"531":{"start":{"line":532,"column":0},"end":{"line":532,"column":27}},"532":{"start":{"line":533,"column":0},"end":{"line":533,"column":79}},"533":{"start":{"line":534,"column":0},"end":{"line":534,"column":0}},"534":{"start":{"line":535,"column":0},"end":{"line":535,"column":3}},"535":{"start":{"line":536,"column":0},"end":{"line":536,"column":34}},"536":{"start":{"line":537,"column":0},"end":{"line":537,"column":35}},"537":{"start":{"line":538,"column":0},"end":{"line":538,"column":3}},"538":{"start":{"line":539,"column":0},"end":{"line":539,"column":91}},"539":{"start":{"line":540,"column":0},"end":{"line":540,"column":7}},"540":{"start":{"line":541,"column":0},"end":{"line":541,"column":32}},"541":{"start":{"line":542,"column":0},"end":{"line":542,"column":32}},"542":{"start":{"line":543,"column":0},"end":{"line":543,"column":61}},"543":{"start":{"line":544,"column":0},"end":{"line":544,"column":0}},"544":{"start":{"line":545,"column":0},"end":{"line":545,"column":76}},"545":{"start":{"line":546,"column":0},"end":{"line":546,"column":35}},"546":{"start":{"line":547,"column":0},"end":{"line":547,"column":34}},"547":{"start":{"line":548,"column":0},"end":{"line":548,"column":54}},"548":{"start":{"line":549,"column":0},"end":{"line":549,"column":9}},"549":{"start":{"line":550,"column":0},"end":{"line":550,"column":5}},"550":{"start":{"line":551,"column":0},"end":{"line":551,"column":0}},"551":{"start":{"line":552,"column":0},"end":{"line":552,"column":61}},"552":{"start":{"line":553,"column":0},"end":{"line":553,"column":68}},"553":{"start":{"line":554,"column":0},"end":{"line":554,"column":26}},"554":{"start":{"line":555,"column":0},"end":{"line":555,"column":35}},"555":{"start":{"line":556,"column":0},"end":{"line":556,"column":56}},"556":{"start":{"line":557,"column":0},"end":{"line":557,"column":32}},"557":{"start":{"line":558,"column":0},"end":{"line":558,"column":0}},"558":{"start":{"line":559,"column":0},"end":{"line":559,"column":22}},"559":{"start":{"line":560,"column":0},"end":{"line":560,"column":65}},"560":{"start":{"line":561,"column":0},"end":{"line":561,"column":35}},"561":{"start":{"line":562,"column":0},"end":{"line":562,"column":32}},"562":{"start":{"line":563,"column":0},"end":{"line":563,"column":48}},"563":{"start":{"line":564,"column":0},"end":{"line":564,"column":9}},"564":{"start":{"line":565,"column":0},"end":{"line":565,"column":5}},"565":{"start":{"line":566,"column":0},"end":{"line":566,"column":0}},"566":{"start":{"line":567,"column":0},"end":{"line":567,"column":36}},"567":{"start":{"line":568,"column":0},"end":{"line":568,"column":78}},"568":{"start":{"line":569,"column":0},"end":{"line":569,"column":6}},"569":{"start":{"line":570,"column":0},"end":{"line":570,"column":0}},"570":{"start":{"line":571,"column":0},"end":{"line":571,"column":77}},"571":{"start":{"line":572,"column":0},"end":{"line":572,"column":0}},"572":{"start":{"line":573,"column":0},"end":{"line":573,"column":38}},"573":{"start":{"line":574,"column":0},"end":{"line":574,"column":35}},"574":{"start":{"line":575,"column":0},"end":{"line":575,"column":34}},"575":{"start":{"line":576,"column":0},"end":{"line":576,"column":48}},"576":{"start":{"line":577,"column":0},"end":{"line":577,"column":9}},"577":{"start":{"line":578,"column":0},"end":{"line":578,"column":5}},"578":{"start":{"line":579,"column":0},"end":{"line":579,"column":0}},"579":{"start":{"line":580,"column":0},"end":{"line":580,"column":51}},"580":{"start":{"line":581,"column":0},"end":{"line":581,"column":55}},"581":{"start":{"line":582,"column":0},"end":{"line":582,"column":25}},"582":{"start":{"line":583,"column":0},"end":{"line":583,"column":25}},"583":{"start":{"line":584,"column":0},"end":{"line":584,"column":27}},"584":{"start":{"line":585,"column":0},"end":{"line":585,"column":33}},"585":{"start":{"line":586,"column":0},"end":{"line":586,"column":8}},"586":{"start":{"line":587,"column":0},"end":{"line":587,"column":0}},"587":{"start":{"line":588,"column":0},"end":{"line":588,"column":56}},"588":{"start":{"line":589,"column":0},"end":{"line":589,"column":49}},"589":{"start":{"line":590,"column":0},"end":{"line":590,"column":30}},"590":{"start":{"line":591,"column":0},"end":{"line":591,"column":24}},"591":{"start":{"line":592,"column":0},"end":{"line":592,"column":57}},"592":{"start":{"line":593,"column":0},"end":{"line":593,"column":31}},"593":{"start":{"line":594,"column":0},"end":{"line":594,"column":9}},"594":{"start":{"line":595,"column":0},"end":{"line":595,"column":0}},"595":{"start":{"line":596,"column":0},"end":{"line":596,"column":22}},"596":{"start":{"line":597,"column":0},"end":{"line":597,"column":74}},"597":{"start":{"line":598,"column":0},"end":{"line":598,"column":77}},"598":{"start":{"line":599,"column":0},"end":{"line":599,"column":0}},"599":{"start":{"line":600,"column":0},"end":{"line":600,"column":37}},"600":{"start":{"line":601,"column":0},"end":{"line":601,"column":22}},"601":{"start":{"line":602,"column":0},"end":{"line":602,"column":34}},"602":{"start":{"line":603,"column":0},"end":{"line":603,"column":25}},"603":{"start":{"line":604,"column":0},"end":{"line":604,"column":19}},"604":{"start":{"line":605,"column":0},"end":{"line":605,"column":25}},"605":{"start":{"line":606,"column":0},"end":{"line":606,"column":7}},"606":{"start":{"line":607,"column":0},"end":{"line":607,"column":5}},"607":{"start":{"line":608,"column":0},"end":{"line":608,"column":0}},"608":{"start":{"line":609,"column":0},"end":{"line":609,"column":33}},"609":{"start":{"line":610,"column":0},"end":{"line":610,"column":20}},"610":{"start":{"line":611,"column":0},"end":{"line":611,"column":42}},"611":{"start":{"line":612,"column":0},"end":{"line":612,"column":71}},"612":{"start":{"line":613,"column":0},"end":{"line":613,"column":7}},"613":{"start":{"line":614,"column":0},"end":{"line":614,"column":19}},"614":{"start":{"line":615,"column":0},"end":{"line":615,"column":66}},"615":{"start":{"line":616,"column":0},"end":{"line":616,"column":33}},"616":{"start":{"line":617,"column":0},"end":{"line":617,"column":30}},"617":{"start":{"line":618,"column":0},"end":{"line":618,"column":46}},"618":{"start":{"line":619,"column":0},"end":{"line":619,"column":7}},"619":{"start":{"line":620,"column":0},"end":{"line":620,"column":3}},"620":{"start":{"line":621,"column":0},"end":{"line":621,"column":3}},"621":{"start":{"line":622,"column":0},"end":{"line":622,"column":0}},"622":{"start":{"line":623,"column":0},"end":{"line":623,"column":3}},"623":{"start":{"line":624,"column":0},"end":{"line":624,"column":19}},"624":{"start":{"line":625,"column":0},"end":{"line":625,"column":43}},"625":{"start":{"line":626,"column":0},"end":{"line":626,"column":3}},"626":{"start":{"line":627,"column":0},"end":{"line":627,"column":76}},"627":{"start":{"line":628,"column":0},"end":{"line":628,"column":7}},"628":{"start":{"line":629,"column":0},"end":{"line":629,"column":32}},"629":{"start":{"line":630,"column":0},"end":{"line":630,"column":0}},"630":{"start":{"line":631,"column":0},"end":{"line":631,"column":64}},"631":{"start":{"line":632,"column":0},"end":{"line":632,"column":51}},"632":{"start":{"line":633,"column":0},"end":{"line":633,"column":30}},"633":{"start":{"line":634,"column":0},"end":{"line":634,"column":18}},"634":{"start":{"line":635,"column":0},"end":{"line":635,"column":31}},"635":{"start":{"line":636,"column":0},"end":{"line":636,"column":30}},"636":{"start":{"line":637,"column":0},"end":{"line":637,"column":49}},"637":{"start":{"line":638,"column":0},"end":{"line":638,"column":0}},"638":{"start":{"line":639,"column":0},"end":{"line":639,"column":16}},"639":{"start":{"line":640,"column":0},"end":{"line":640,"column":54}},"640":{"start":{"line":641,"column":0},"end":{"line":641,"column":35}},"641":{"start":{"line":642,"column":0},"end":{"line":642,"column":32}},"642":{"start":{"line":643,"column":0},"end":{"line":643,"column":51}},"643":{"start":{"line":644,"column":0},"end":{"line":644,"column":9}},"644":{"start":{"line":645,"column":0},"end":{"line":645,"column":5}},"645":{"start":{"line":646,"column":0},"end":{"line":646,"column":0}},"646":{"start":{"line":647,"column":0},"end":{"line":647,"column":43}},"647":{"start":{"line":648,"column":0},"end":{"line":648,"column":65}},"648":{"start":{"line":649,"column":0},"end":{"line":649,"column":5}},"649":{"start":{"line":650,"column":0},"end":{"line":650,"column":0}},"650":{"start":{"line":651,"column":0},"end":{"line":651,"column":29}},"651":{"start":{"line":652,"column":0},"end":{"line":652,"column":70}},"652":{"start":{"line":653,"column":0},"end":{"line":653,"column":67}},"653":{"start":{"line":654,"column":0},"end":{"line":654,"column":23}},"654":{"start":{"line":655,"column":0},"end":{"line":655,"column":18}},"655":{"start":{"line":656,"column":0},"end":{"line":656,"column":28}},"656":{"start":{"line":657,"column":0},"end":{"line":657,"column":0}},"657":{"start":{"line":658,"column":0},"end":{"line":658,"column":24}},"658":{"start":{"line":659,"column":0},"end":{"line":659,"column":71}},"659":{"start":{"line":660,"column":0},"end":{"line":660,"column":5}},"660":{"start":{"line":661,"column":0},"end":{"line":661,"column":0}},"661":{"start":{"line":662,"column":0},"end":{"line":662,"column":35}},"662":{"start":{"line":663,"column":0},"end":{"line":663,"column":69}},"663":{"start":{"line":664,"column":0},"end":{"line":664,"column":72}},"664":{"start":{"line":665,"column":0},"end":{"line":665,"column":0}},"665":{"start":{"line":666,"column":0},"end":{"line":666,"column":14}},"666":{"start":{"line":667,"column":0},"end":{"line":667,"column":22}},"667":{"start":{"line":668,"column":0},"end":{"line":668,"column":41}},"668":{"start":{"line":669,"column":0},"end":{"line":669,"column":53}},"669":{"start":{"line":670,"column":0},"end":{"line":670,"column":32}},"670":{"start":{"line":671,"column":0},"end":{"line":671,"column":39}},"671":{"start":{"line":672,"column":0},"end":{"line":672,"column":27}},"672":{"start":{"line":673,"column":0},"end":{"line":673,"column":22}},"673":{"start":{"line":674,"column":0},"end":{"line":674,"column":11}},"674":{"start":{"line":675,"column":0},"end":{"line":675,"column":30}},"675":{"start":{"line":676,"column":0},"end":{"line":676,"column":37}},"676":{"start":{"line":677,"column":0},"end":{"line":677,"column":8}},"677":{"start":{"line":678,"column":0},"end":{"line":678,"column":7}},"678":{"start":{"line":679,"column":0},"end":{"line":679,"column":0}},"679":{"start":{"line":680,"column":0},"end":{"line":680,"column":73}},"680":{"start":{"line":681,"column":0},"end":{"line":681,"column":30}},"681":{"start":{"line":682,"column":0},"end":{"line":682,"column":19}},"682":{"start":{"line":683,"column":0},"end":{"line":683,"column":51}},"683":{"start":{"line":684,"column":0},"end":{"line":684,"column":33}},"684":{"start":{"line":685,"column":0},"end":{"line":685,"column":30}},"685":{"start":{"line":686,"column":0},"end":{"line":686,"column":46}},"686":{"start":{"line":687,"column":0},"end":{"line":687,"column":7}},"687":{"start":{"line":688,"column":0},"end":{"line":688,"column":3}},"688":{"start":{"line":689,"column":0},"end":{"line":689,"column":3}},"689":{"start":{"line":690,"column":0},"end":{"line":690,"column":0}},"690":{"start":{"line":691,"column":0},"end":{"line":691,"column":3}},"691":{"start":{"line":692,"column":0},"end":{"line":692,"column":37}},"692":{"start":{"line":693,"column":0},"end":{"line":693,"column":26}},"693":{"start":{"line":694,"column":0},"end":{"line":694,"column":3}},"694":{"start":{"line":695,"column":0},"end":{"line":695,"column":94}},"695":{"start":{"line":696,"column":0},"end":{"line":696,"column":7}},"696":{"start":{"line":697,"column":0},"end":{"line":697,"column":32}},"697":{"start":{"line":698,"column":0},"end":{"line":698,"column":36}},"698":{"start":{"line":699,"column":0},"end":{"line":699,"column":0}},"699":{"start":{"line":700,"column":0},"end":{"line":700,"column":33}},"700":{"start":{"line":701,"column":0},"end":{"line":701,"column":63}},"701":{"start":{"line":702,"column":0},"end":{"line":702,"column":30}},"702":{"start":{"line":703,"column":0},"end":{"line":703,"column":37}},"703":{"start":{"line":704,"column":0},"end":{"line":704,"column":25}},"704":{"start":{"line":705,"column":0},"end":{"line":705,"column":31}},"705":{"start":{"line":706,"column":0},"end":{"line":706,"column":30}},"706":{"start":{"line":707,"column":0},"end":{"line":707,"column":15}},"707":{"start":{"line":708,"column":0},"end":{"line":708,"column":16}},"708":{"start":{"line":709,"column":0},"end":{"line":709,"column":0}},"709":{"start":{"line":710,"column":0},"end":{"line":710,"column":33}},"710":{"start":{"line":711,"column":0},"end":{"line":711,"column":35}},"711":{"start":{"line":712,"column":0},"end":{"line":712,"column":27}},"712":{"start":{"line":713,"column":0},"end":{"line":713,"column":44}},"713":{"start":{"line":714,"column":0},"end":{"line":714,"column":9}},"714":{"start":{"line":715,"column":0},"end":{"line":715,"column":5}},"715":{"start":{"line":716,"column":0},"end":{"line":716,"column":0}},"716":{"start":{"line":717,"column":0},"end":{"line":717,"column":21}},"717":{"start":{"line":718,"column":0},"end":{"line":718,"column":20}},"718":{"start":{"line":719,"column":0},"end":{"line":719,"column":39}},"719":{"start":{"line":720,"column":0},"end":{"line":720,"column":41}},"720":{"start":{"line":721,"column":0},"end":{"line":721,"column":7}},"721":{"start":{"line":722,"column":0},"end":{"line":722,"column":19}},"722":{"start":{"line":723,"column":0},"end":{"line":723,"column":69}},"723":{"start":{"line":724,"column":0},"end":{"line":724,"column":33}},"724":{"start":{"line":725,"column":0},"end":{"line":725,"column":30}},"725":{"start":{"line":726,"column":0},"end":{"line":726,"column":46}},"726":{"start":{"line":727,"column":0},"end":{"line":727,"column":7}},"727":{"start":{"line":728,"column":0},"end":{"line":728,"column":3}},"728":{"start":{"line":729,"column":0},"end":{"line":729,"column":3}},"729":{"start":{"line":730,"column":0},"end":{"line":730,"column":0}},"730":{"start":{"line":731,"column":0},"end":{"line":731,"column":3}},"731":{"start":{"line":732,"column":0},"end":{"line":732,"column":38}},"732":{"start":{"line":733,"column":0},"end":{"line":733,"column":27}},"733":{"start":{"line":734,"column":0},"end":{"line":734,"column":3}},"734":{"start":{"line":735,"column":0},"end":{"line":735,"column":95}},"735":{"start":{"line":736,"column":0},"end":{"line":736,"column":7}},"736":{"start":{"line":737,"column":0},"end":{"line":737,"column":32}},"737":{"start":{"line":738,"column":0},"end":{"line":738,"column":36}},"738":{"start":{"line":739,"column":0},"end":{"line":739,"column":0}},"739":{"start":{"line":740,"column":0},"end":{"line":740,"column":33}},"740":{"start":{"line":741,"column":0},"end":{"line":741,"column":49}},"741":{"start":{"line":742,"column":0},"end":{"line":742,"column":30}},"742":{"start":{"line":743,"column":0},"end":{"line":743,"column":37}},"743":{"start":{"line":744,"column":0},"end":{"line":744,"column":25}},"744":{"start":{"line":745,"column":0},"end":{"line":745,"column":31}},"745":{"start":{"line":746,"column":0},"end":{"line":746,"column":31}},"746":{"start":{"line":747,"column":0},"end":{"line":747,"column":0}},"747":{"start":{"line":748,"column":0},"end":{"line":748,"column":22}},"748":{"start":{"line":749,"column":0},"end":{"line":749,"column":60}},"749":{"start":{"line":750,"column":0},"end":{"line":750,"column":35}},"750":{"start":{"line":751,"column":0},"end":{"line":751,"column":32}},"751":{"start":{"line":752,"column":0},"end":{"line":752,"column":44}},"752":{"start":{"line":753,"column":0},"end":{"line":753,"column":9}},"753":{"start":{"line":754,"column":0},"end":{"line":754,"column":5}},"754":{"start":{"line":755,"column":0},"end":{"line":755,"column":0}},"755":{"start":{"line":756,"column":0},"end":{"line":756,"column":21}},"756":{"start":{"line":757,"column":0},"end":{"line":757,"column":20}},"757":{"start":{"line":758,"column":0},"end":{"line":758,"column":41}},"758":{"start":{"line":759,"column":0},"end":{"line":759,"column":7}},"759":{"start":{"line":760,"column":0},"end":{"line":760,"column":19}},"760":{"start":{"line":761,"column":0},"end":{"line":761,"column":70}},"761":{"start":{"line":762,"column":0},"end":{"line":762,"column":33}},"762":{"start":{"line":763,"column":0},"end":{"line":763,"column":30}},"763":{"start":{"line":764,"column":0},"end":{"line":764,"column":46}},"764":{"start":{"line":765,"column":0},"end":{"line":765,"column":7}},"765":{"start":{"line":766,"column":0},"end":{"line":766,"column":3}},"766":{"start":{"line":767,"column":0},"end":{"line":767,"column":3}},"767":{"start":{"line":768,"column":0},"end":{"line":768,"column":0}},"768":{"start":{"line":769,"column":0},"end":{"line":769,"column":79}},"769":{"start":{"line":770,"column":0},"end":{"line":770,"column":19}},"770":{"start":{"line":771,"column":0},"end":{"line":771,"column":79}},"771":{"start":{"line":772,"column":0},"end":{"line":772,"column":0}},"772":{"start":{"line":773,"column":0},"end":{"line":773,"column":3}},"773":{"start":{"line":774,"column":0},"end":{"line":774,"column":62}},"774":{"start":{"line":775,"column":0},"end":{"line":775,"column":3}},"775":{"start":{"line":776,"column":0},"end":{"line":776,"column":74}},"776":{"start":{"line":777,"column":0},"end":{"line":777,"column":10}},"777":{"start":{"line":778,"column":0},"end":{"line":778,"column":25}},"778":{"start":{"line":779,"column":0},"end":{"line":779,"column":56}},"779":{"start":{"line":780,"column":0},"end":{"line":780,"column":42}},"780":{"start":{"line":781,"column":0},"end":{"line":781,"column":33}},"781":{"start":{"line":782,"column":0},"end":{"line":782,"column":4}},"782":{"start":{"line":783,"column":0},"end":{"line":783,"column":1}},"783":{"start":{"line":784,"column":0},"end":{"line":784,"column":0}},"784":{"start":{"line":785,"column":0},"end":{"line":785,"column":22}}},"s":{"0":1,"1":1,"2":1,"3":1,"4":1,"5":1,"6":1,"7":1,"8":1,"9":1,"10":1,"11":1,"12":1,"13":1,"14":1,"15":1,"16":1,"17":1,"18":1,"19":1,"20":1,"21":1,"22":1,"23":1,"24":1,"25":1,"26":1,"27":1,"28":1,"29":1,"30":1,"31":1,"32":1,"33":8,"34":8,"35":8,"36":8,"37":8,"38":8,"39":8,"40":8,"41":7,"42":8,"43":6,"44":6,"45":5,"46":5,"47":5,"48":5,"49":5,"50":5,"51":5,"52":5,"53":5,"54":5,"55":5,"56":5,"57":5,"58":5,"59":5,"60":5,"61":5,"62":5,"63":1,"64":1,"65":1,"66":1,"67":1,"68":1,"69":4,"70":4,"71":4,"72":1,"73":1,"74":1,"75":1,"76":1,"77":1,"78":1,"79":1,"80":1,"81":1,"82":1,"83":1,"84":1,"85":1,"86":1,"87":1,"88":8,"89":1,"90":1,"91":1,"92":1,"93":1,"94":1,"95":6,"96":6,"97":6,"98":6,"99":6,"100":1,"101":1,"102":1,"103":1,"104":1,"105":5,"106":5,"107":5,"108":5,"109":5,"110":5,"111":5,"112":5,"113":4,"114":6,"115":1,"116":1,"117":1,"118":1,"119":1,"120":1,"121":3,"122":3,"123":6,"124":6,"125":6,"126":6,"127":6,"128":1,"129":1,"130":1,"131":1,"132":1,"133":1,"134":6,"135":1,"136":1,"137":1,"138":1,"139":1,"140":1,"141":1,"142":1,"143":1,"144":1,"145":6,"146":6,"147":6,"148":6,"149":6,"150":6,"151":6,"152":6,"153":6,"154":6,"155":6,"156":6,"157":6,"158":6,"159":6,"160":6,"161":5,"162":6,"163":1,"164":1,"165":1,"166":1,"167":1,"168":1,"169":4,"170":4,"171":4,"172":3,"173":4,"174":4,"175":6,"176":1,"177":1,"178":3,"179":3,"180":3,"181":3,"182":3,"183":3,"184":3,"185":6,"186":1,"187":1,"188":1,"189":1,"190":1,"191":1,"192":2,"193":2,"194":2,"195":2,"196":2,"197":2,"198":2,"199":2,"200":2,"201":2,"202":2,"203":2,"204":2,"205":2,"206":2,"207":2,"208":2,"209":2,"210":6,"211":1,"212":1,"213":1,"214":1,"215":1,"216":1,"217":6,"218":1,"219":1,"220":1,"221":1,"222":1,"223":1,"224":5,"225":5,"226":5,"227":5,"228":5,"229":5,"230":5,"231":5,"232":5,"233":5,"234":5,"235":5,"236":5,"237":4,"238":5,"239":1,"240":1,"241":1,"242":1,"243":1,"244":1,"245":3,"246":5,"247":1,"248":1,"249":2,"250":2,"251":2,"252":2,"253":2,"254":2,"255":2,"256":2,"257":5,"258":1,"259":1,"260":1,"261":1,"262":1,"263":1,"264":1,"265":1,"266":1,"267":1,"268":1,"269":1,"270":1,"271":1,"272":1,"273":1,"274":1,"275":1,"276":1,"277":1,"278":1,"279":1,"280":1,"281":1,"282":1,"283":1,"284":1,"285":1,"286":1,"287":1,"288":1,"289":1,"290":5,"291":1,"292":1,"293":1,"294":1,"295":1,"296":1,"297":10,"298":10,"299":10,"300":10,"301":10,"302":1,"303":1,"304":1,"305":1,"306":1,"307":9,"308":9,"309":9,"310":9,"311":9,"312":9,"313":9,"314":8,"315":10,"316":1,"317":1,"318":1,"319":1,"320":1,"321":7,"322":10,"323":1,"324":1,"325":1,"326":1,"327":1,"328":6,"329":6,"330":6,"331":6,"332":6,"333":6,"334":6,"335":6,"336":6,"337":6,"338":6,"339":10,"340":1,"341":1,"342":1,"343":1,"344":1,"345":1,"346":5,"347":10,"348":3,"349":1,"350":1,"351":1,"352":1,"353":1,"354":3,"355":1,"356":1,"357":1,"358":1,"359":1,"360":1,"361":1,"362":1,"363":1,"364":1,"365":1,"366":3,"367":2,"368":2,"369":2,"370":2,"371":2,"372":2,"373":2,"374":2,"375":2,"376":2,"377":2,"378":2,"379":10,"380":1,"381":1,"382":1,"383":1,"384":1,"385":1,"386":1,"387":1,"388":1,"389":1,"390":1,"391":1,"392":1,"393":1,"394":1,"395":1,"396":1,"397":1,"398":1,"399":10,"400":1,"401":1,"402":1,"403":1,"404":1,"405":1,"406":4,"407":4,"408":4,"409":4,"410":4,"411":4,"412":4,"413":4,"414":4,"415":4,"416":4,"417":4,"418":3,"419":4,"420":1,"421":1,"422":1,"423":1,"424":1,"425":2,"426":2,"427":2,"428":2,"429":2,"430":2,"431":2,"432":4,"433":1,"434":1,"435":1,"436":1,"437":1,"438":1,"439":1,"440":1,"441":1,"442":1,"443":1,"444":1,"445":1,"446":1,"447":1,"448":1,"449":1,"450":1,"451":4,"452":1,"453":1,"454":1,"455":1,"456":1,"457":1,"458":3,"459":3,"460":3,"461":3,"462":3,"463":3,"464":3,"465":3,"466":3,"467":3,"468":3,"469":2,"470":3,"471":1,"472":1,"473":1,"474":1,"475":1,"476":1,"477":1,"478":1,"479":1,"480":1,"481":1,"482":1,"483":1,"484":1,"485":1,"486":1,"487":1,"488":1,"489":3,"490":1,"491":1,"492":1,"493":1,"494":1,"495":1,"496":3,"497":3,"498":3,"499":3,"500":3,"501":3,"502":3,"503":3,"504":3,"505":3,"506":3,"507":3,"508":2,"509":3,"510":1,"511":1,"512":1,"513":1,"514":1,"515":1,"516":1,"517":1,"518":1,"519":1,"520":1,"521":1,"522":1,"523":1,"524":1,"525":1,"526":1,"527":1,"528":3,"529":1,"530":1,"531":1,"532":1,"533":1,"534":1,"535":1,"536":1,"537":1,"538":1,"539":6,"540":6,"541":6,"542":6,"543":6,"544":6,"545":1,"546":1,"547":1,"548":1,"549":1,"550":5,"551":5,"552":5,"553":5,"554":5,"555":5,"556":5,"557":4,"558":6,"559":1,"560":1,"561":1,"562":1,"563":1,"564":1,"565":3,"566":3,"567":3,"568":3,"569":3,"570":3,"571":3,"572":6,"573":1,"574":1,"575":1,"576":1,"577":1,"578":2,"579":2,"580":2,"581":2,"582":2,"583":2,"584":2,"585":2,"586":2,"587":2,"588":2,"589":2,"590":2,"591":2,"592":2,"593":2,"594":2,"595":6,"596":1,"597":1,"598":1,"599":1,"600":1,"601":1,"602":1,"603":1,"604":1,"605":1,"606":1,"607":2,"608":2,"609":2,"610":2,"611":2,"612":2,"613":6,"614":1,"615":1,"616":1,"617":1,"618":1,"619":1,"620":6,"621":1,"622":1,"623":1,"624":1,"625":1,"626":1,"627":4,"628":4,"629":4,"630":4,"631":4,"632":4,"633":4,"634":4,"635":4,"636":4,"637":3,"638":4,"639":1,"640":1,"641":1,"642":1,"643":1,"644":1,"645":2,"646":4,"647":1,"648":1,"649":1,"650":1,"651":1,"652":1,"653":1,"654":1,"655":1,"656":1,"657":1,"658":1,"659":1,"660":1,"661":1,"662":1,"663":1,"664":1,"665":1,"666":1,"667":1,"668":1,"669":1,"670":1,"671":1,"672":1,"673":1,"674":1,"675":1,"676":1,"677":1,"678":1,"679":1,"680":1,"681":1,"682":1,"683":1,"684":1,"685":1,"686":1,"687":1,"688":4,"689":1,"690":1,"691":1,"692":1,"693":1,"694":1,"695":3,"696":3,"697":3,"698":3,"699":3,"700":3,"701":3,"702":3,"703":3,"704":3,"705":3,"706":3,"707":3,"708":2,"709":3,"710":1,"711":1,"712":1,"713":1,"714":1,"715":1,"716":1,"717":1,"718":1,"719":1,"720":1,"721":1,"722":1,"723":1,"724":1,"725":1,"726":1,"727":1,"728":3,"729":1,"730":1,"731":1,"732":1,"733":1,"734":1,"735":3,"736":3,"737":3,"738":3,"739":3,"740":3,"741":3,"742":3,"743":3,"744":3,"745":3,"746":2,"747":3,"748":1,"749":1,"750":1,"751":1,"752":1,"753":1,"754":1,"755":1,"756":1,"757":1,"758":1,"759":1,"760":1,"761":1,"762":1,"763":1,"764":1,"765":1,"766":3,"767":1,"768":1,"769":1,"770":1,"771":1,"772":1,"773":1,"774":1,"775":9,"776":9,"777":9,"778":9,"779":9,"780":9,"781":9,"782":9,"783":1,"784":1},"branchMap":{"0":{"type":"branch","line":33,"loc":{"start":{"line":33,"column":24},"end":{"line":89,"column":3}},"locations":[{"start":{"line":33,"column":24},"end":{"line":89,"column":3}}]},"1":{"type":"branch","line":41,"loc":{"start":{"line":41,"column":14},"end":{"line":43,"column":15}},"locations":[{"start":{"line":41,"column":14},"end":{"line":43,"column":15}}]},"2":{"type":"branch","line":43,"loc":{"start":{"line":43,"column":15},"end":{"line":79,"column":5}},"locations":[{"start":{"line":43,"column":15},"end":{"line":79,"column":5}}]},"3":{"type":"branch","line":45,"loc":{"start":{"line":45,"column":37},"end":{"line":72,"column":7}},"locations":[{"start":{"line":45,"column":37},"end":{"line":72,"column":7}}]},"4":{"type":"branch","line":52,"loc":{"start":{"line":52,"column":27},"end":{"line":52,"column":41}},"locations":[{"start":{"line":52,"column":27},"end":{"line":52,"column":41}}]},"5":{"type":"branch","line":53,"loc":{"start":{"line":53,"column":24},"end":{"line":53,"column":47}},"locations":[{"start":{"line":53,"column":24},"end":{"line":53,"column":47}}]},"6":{"type":"branch","line":53,"loc":{"start":{"line":53,"column":34},"end":{"line":53,"column":65}},"locations":[{"start":{"line":53,"column":34},"end":{"line":53,"column":65}}]},"7":{"type":"branch","line":53,"loc":{"start":{"line":53,"column":47},"end":{"line":53,"column":65}},"locations":[{"start":{"line":53,"column":47},"end":{"line":53,"column":65}}]},"8":{"type":"branch","line":53,"loc":{"start":{"line":53,"column":57},"end":{"line":53,"column":99}},"locations":[{"start":{"line":53,"column":57},"end":{"line":53,"column":99}}]},"9":{"type":"branch","line":53,"loc":{"start":{"line":53,"column":75},"end":{"line":53,"column":88}},"locations":[{"start":{"line":53,"column":75},"end":{"line":53,"column":88}}]},"10":{"type":"branch","line":53,"loc":{"start":{"line":53,"column":94},"end":{"line":53,"column":106}},"locations":[{"start":{"line":53,"column":94},"end":{"line":53,"column":106}}]},"11":{"type":"branch","line":54,"loc":{"start":{"line":54,"column":22},"end":{"line":54,"column":46}},"locations":[{"start":{"line":54,"column":22},"end":{"line":54,"column":46}}]},"12":{"type":"branch","line":54,"loc":{"start":{"line":54,"column":32},"end":{"line":54,"column":67}},"locations":[{"start":{"line":54,"column":32},"end":{"line":54,"column":67}}]},"13":{"type":"branch","line":54,"loc":{"start":{"line":54,"column":46},"end":{"line":54,"column":67}},"locations":[{"start":{"line":54,"column":46},"end":{"line":54,"column":67}}]},"14":{"type":"branch","line":54,"loc":{"start":{"line":54,"column":56},"end":{"line":54,"column":72}},"locations":[{"start":{"line":54,"column":56},"end":{"line":54,"column":72}}]},"15":{"type":"branch","line":63,"loc":{"start":{"line":63,"column":25},"end":{"line":69,"column":9}},"locations":[{"start":{"line":63,"column":25},"end":{"line":69,"column":9}}]},"16":{"type":"branch","line":69,"loc":{"start":{"line":69,"column":8},"end":{"line":72,"column":7}},"locations":[{"start":{"line":69,"column":8},"end":{"line":72,"column":7}}]},"17":{"type":"branch","line":72,"loc":{"start":{"line":72,"column":6},"end":{"line":79,"column":5}},"locations":[{"start":{"line":72,"column":6},"end":{"line":79,"column":5}}]},"18":{"type":"branch","line":79,"loc":{"start":{"line":79,"column":4},"end":{"line":88,"column":3}},"locations":[{"start":{"line":79,"column":4},"end":{"line":88,"column":3}}]},"19":{"type":"branch","line":95,"loc":{"start":{"line":95,"column":28},"end":{"line":135,"column":3}},"locations":[{"start":{"line":95,"column":28},"end":{"line":135,"column":3}}]},"20":{"type":"branch","line":100,"loc":{"start":{"line":100,"column":9},"end":{"line":100,"column":45}},"locations":[{"start":{"line":100,"column":9},"end":{"line":100,"column":45}}]},"21":{"type":"branch","line":100,"loc":{"start":{"line":100,"column":45},"end":{"line":105,"column":5}},"locations":[{"start":{"line":100,"column":45},"end":{"line":105,"column":5}}]},"22":{"type":"branch","line":105,"loc":{"start":{"line":105,"column":4},"end":{"line":113,"column":17}},"locations":[{"start":{"line":105,"column":4},"end":{"line":113,"column":17}}]},"23":{"type":"branch","line":113,"loc":{"start":{"line":113,"column":15},"end":{"line":115,"column":15}},"locations":[{"start":{"line":113,"column":15},"end":{"line":115,"column":15}}]},"24":{"type":"branch","line":115,"loc":{"start":{"line":115,"column":15},"end":{"line":121,"column":5}},"locations":[{"start":{"line":115,"column":15},"end":{"line":121,"column":5}}]},"25":{"type":"branch","line":121,"loc":{"start":{"line":121,"column":4},"end":{"line":124,"column":23}},"locations":[{"start":{"line":121,"column":4},"end":{"line":124,"column":23}}]},"26":{"type":"branch","line":124,"loc":{"start":{"line":124,"column":14},"end":{"line":124,"column":27}},"locations":[{"start":{"line":124,"column":14},"end":{"line":124,"column":27}}]},"27":{"type":"branch","line":128,"loc":{"start":{"line":128,"column":2},"end":{"line":134,"column":3}},"locations":[{"start":{"line":128,"column":2},"end":{"line":134,"column":3}}]},"28":{"type":"branch","line":145,"loc":{"start":{"line":145,"column":23},"end":{"line":218,"column":3}},"locations":[{"start":{"line":145,"column":23},"end":{"line":218,"column":3}}]},"29":{"type":"branch","line":161,"loc":{"start":{"line":161,"column":30},"end":{"line":163,"column":15}},"locations":[{"start":{"line":161,"column":30},"end":{"line":163,"column":15}}]},"30":{"type":"branch","line":163,"loc":{"start":{"line":163,"column":15},"end":{"line":169,"column":5}},"locations":[{"start":{"line":163,"column":15},"end":{"line":169,"column":5}}]},"31":{"type":"branch","line":169,"loc":{"start":{"line":169,"column":4},"end":{"line":176,"column":32}},"locations":[{"start":{"line":169,"column":4},"end":{"line":176,"column":32}}]},"32":{"type":"branch","line":176,"loc":{"start":{"line":176,"column":32},"end":{"line":178,"column":5}},"locations":[{"start":{"line":176,"column":32},"end":{"line":178,"column":5}}]},"33":{"type":"branch","line":178,"loc":{"start":{"line":178,"column":4},"end":{"line":186,"column":23}},"locations":[{"start":{"line":178,"column":4},"end":{"line":186,"column":23}}]},"34":{"type":"branch","line":186,"loc":{"start":{"line":186,"column":23},"end":{"line":192,"column":5}},"locations":[{"start":{"line":186,"column":23},"end":{"line":192,"column":5}}]},"35":{"type":"branch","line":192,"loc":{"start":{"line":192,"column":4},"end":{"line":211,"column":11}},"locations":[{"start":{"line":192,"column":4},"end":{"line":211,"column":11}}]},"36":{"type":"branch","line":211,"loc":{"start":{"line":211,"column":2},"end":{"line":217,"column":3}},"locations":[{"start":{"line":211,"column":2},"end":{"line":217,"column":3}}]},"37":{"type":"branch","line":172,"loc":{"start":{"line":172,"column":38},"end":{"line":173,"column":52}},"locations":[{"start":{"line":172,"column":38},"end":{"line":173,"column":52}}]},"38":{"type":"branch","line":173,"loc":{"start":{"line":173,"column":20},"end":{"line":173,"column":43}},"locations":[{"start":{"line":173,"column":20},"end":{"line":173,"column":43}}]},"39":{"type":"branch","line":173,"loc":{"start":{"line":173,"column":31},"end":{"line":173,"column":52}},"locations":[{"start":{"line":173,"column":31},"end":{"line":173,"column":52}}]},"40":{"type":"branch","line":195,"loc":{"start":{"line":195,"column":46},"end":{"line":207,"column":5}},"locations":[{"start":{"line":195,"column":46},"end":{"line":207,"column":5}}]},"41":{"type":"branch","line":196,"loc":{"start":{"line":196,"column":46},"end":{"line":196,"column":78}},"locations":[{"start":{"line":196,"column":46},"end":{"line":196,"column":78}}]},"42":{"type":"branch","line":196,"loc":{"start":{"line":196,"column":66},"end":{"line":196,"column":97}},"locations":[{"start":{"line":196,"column":66},"end":{"line":196,"column":97}}]},"43":{"type":"branch","line":202,"loc":{"start":{"line":202,"column":30},"end":{"line":202,"column":61}},"locations":[{"start":{"line":202,"column":30},"end":{"line":202,"column":61}}]},"44":{"type":"branch","line":204,"loc":{"start":{"line":204,"column":24},"end":{"line":204,"column":38}},"locations":[{"start":{"line":204,"column":24},"end":{"line":204,"column":38}}]},"45":{"type":"branch","line":197,"loc":{"start":{"line":197,"column":36},"end":{"line":197,"column":60}},"locations":[{"start":{"line":197,"column":36},"end":{"line":197,"column":60}}]},"46":{"type":"branch","line":224,"loc":{"start":{"line":224,"column":32},"end":{"line":291,"column":3}},"locations":[{"start":{"line":224,"column":32},"end":{"line":291,"column":3}}]},"47":{"type":"branch","line":237,"loc":{"start":{"line":237,"column":29},"end":{"line":239,"column":15}},"locations":[{"start":{"line":237,"column":29},"end":{"line":239,"column":15}}]},"48":{"type":"branch","line":239,"loc":{"start":{"line":239,"column":15},"end":{"line":245,"column":5}},"locations":[{"start":{"line":239,"column":15},"end":{"line":245,"column":5}}]},"49":{"type":"branch","line":245,"loc":{"start":{"line":245,"column":4},"end":{"line":247,"column":44}},"locations":[{"start":{"line":245,"column":4},"end":{"line":247,"column":44}}]},"50":{"type":"branch","line":247,"loc":{"start":{"line":247,"column":44},"end":{"line":249,"column":5}},"locations":[{"start":{"line":247,"column":44},"end":{"line":249,"column":5}}]},"51":{"type":"branch","line":249,"loc":{"start":{"line":249,"column":4},"end":{"line":258,"column":23}},"locations":[{"start":{"line":249,"column":4},"end":{"line":258,"column":23}}]},"52":{"type":"branch","line":258,"loc":{"start":{"line":258,"column":23},"end":{"line":290,"column":3}},"locations":[{"start":{"line":258,"column":23},"end":{"line":290,"column":3}}]},"53":{"type":"branch","line":252,"loc":{"start":{"line":252,"column":38},"end":{"line":252,"column":54}},"locations":[{"start":{"line":252,"column":38},"end":{"line":252,"column":54}}]},"54":{"type":"branch","line":267,"loc":{"start":{"line":267,"column":57},"end":{"line":280,"column":5}},"locations":[{"start":{"line":267,"column":57},"end":{"line":280,"column":5}}]},"55":{"type":"branch","line":297,"loc":{"start":{"line":297,"column":32},"end":{"line":400,"column":3}},"locations":[{"start":{"line":297,"column":32},"end":{"line":400,"column":3}}]},"56":{"type":"branch","line":302,"loc":{"start":{"line":302,"column":16},"end":{"line":307,"column":5}},"locations":[{"start":{"line":302,"column":16},"end":{"line":307,"column":5}}]},"57":{"type":"branch","line":307,"loc":{"start":{"line":307,"column":4},"end":{"line":314,"column":16}},"locations":[{"start":{"line":307,"column":4},"end":{"line":314,"column":16}}]},"58":{"type":"branch","line":314,"loc":{"start":{"line":314,"column":14},"end":{"line":316,"column":21}},"locations":[{"start":{"line":314,"column":14},"end":{"line":316,"column":21}}]},"59":{"type":"branch","line":316,"loc":{"start":{"line":316,"column":8},"end":{"line":316,"column":34}},"locations":[{"start":{"line":316,"column":8},"end":{"line":316,"column":34}}]},"60":{"type":"branch","line":316,"loc":{"start":{"line":316,"column":34},"end":{"line":321,"column":5}},"locations":[{"start":{"line":316,"column":34},"end":{"line":321,"column":5}}]},"61":{"type":"branch","line":321,"loc":{"start":{"line":321,"column":4},"end":{"line":323,"column":34}},"locations":[{"start":{"line":321,"column":4},"end":{"line":323,"column":34}}]},"62":{"type":"branch","line":323,"loc":{"start":{"line":323,"column":34},"end":{"line":328,"column":5}},"locations":[{"start":{"line":323,"column":34},"end":{"line":328,"column":5}}]},"63":{"type":"branch","line":328,"loc":{"start":{"line":328,"column":4},"end":{"line":340,"column":20}},"locations":[{"start":{"line":328,"column":4},"end":{"line":340,"column":20}}]},"64":{"type":"branch","line":340,"loc":{"start":{"line":340,"column":20},"end":{"line":346,"column":5}},"locations":[{"start":{"line":340,"column":20},"end":{"line":346,"column":5}}]},"65":{"type":"branch","line":346,"loc":{"start":{"line":346,"column":4},"end":{"line":348,"column":28}},"locations":[{"start":{"line":346,"column":4},"end":{"line":348,"column":28}}]},"66":{"type":"branch","line":348,"loc":{"start":{"line":348,"column":28},"end":{"line":367,"column":5}},"locations":[{"start":{"line":348,"column":28},"end":{"line":367,"column":5}}]},"67":{"type":"branch","line":349,"loc":{"start":{"line":349,"column":52},"end":{"line":354,"column":7}},"locations":[{"start":{"line":349,"column":52},"end":{"line":354,"column":7}}]},"68":{"type":"branch","line":354,"loc":{"start":{"line":354,"column":6},"end":{"line":355,"column":51}},"locations":[{"start":{"line":354,"column":6},"end":{"line":355,"column":51}}]},"69":{"type":"branch","line":355,"loc":{"start":{"line":355,"column":51},"end":{"line":366,"column":7}},"locations":[{"start":{"line":355,"column":51},"end":{"line":366,"column":7}}]},"70":{"type":"branch","line":367,"loc":{"start":{"line":367,"column":4},"end":{"line":380,"column":21}},"locations":[{"start":{"line":367,"column":4},"end":{"line":380,"column":21}}]},"71":{"type":"branch","line":380,"loc":{"start":{"line":380,"column":21},"end":{"line":399,"column":3}},"locations":[{"start":{"line":380,"column":21},"end":{"line":399,"column":3}}]},"72":{"type":"branch","line":406,"loc":{"start":{"line":406,"column":42},"end":{"line":452,"column":3}},"locations":[{"start":{"line":406,"column":42},"end":{"line":452,"column":3}}]},"73":{"type":"branch","line":418,"loc":{"start":{"line":418,"column":14},"end":{"line":420,"column":21}},"locations":[{"start":{"line":418,"column":14},"end":{"line":420,"column":21}}]},"74":{"type":"branch","line":420,"loc":{"start":{"line":420,"column":8},"end":{"line":420,"column":31}},"locations":[{"start":{"line":420,"column":8},"end":{"line":420,"column":31}}]},"75":{"type":"branch","line":420,"loc":{"start":{"line":420,"column":31},"end":{"line":425,"column":5}},"locations":[{"start":{"line":420,"column":31},"end":{"line":425,"column":5}}]},"76":{"type":"branch","line":425,"loc":{"start":{"line":425,"column":4},"end":{"line":433,"column":21}},"locations":[{"start":{"line":425,"column":4},"end":{"line":433,"column":21}}]},"77":{"type":"branch","line":433,"loc":{"start":{"line":433,"column":21},"end":{"line":451,"column":3}},"locations":[{"start":{"line":433,"column":21},"end":{"line":451,"column":3}}]},"78":{"type":"branch","line":458,"loc":{"start":{"line":458,"column":43},"end":{"line":490,"column":3}},"locations":[{"start":{"line":458,"column":43},"end":{"line":490,"column":3}}]},"79":{"type":"branch","line":469,"loc":{"start":{"line":469,"column":29},"end":{"line":471,"column":21}},"locations":[{"start":{"line":469,"column":29},"end":{"line":471,"column":21}}]},"80":{"type":"branch","line":471,"loc":{"start":{"line":471,"column":21},"end":{"line":489,"column":3}},"locations":[{"start":{"line":471,"column":21},"end":{"line":489,"column":3}}]},"81":{"type":"branch","line":496,"loc":{"start":{"line":496,"column":36},"end":{"line":529,"column":3}},"locations":[{"start":{"line":496,"column":36},"end":{"line":529,"column":3}}]},"82":{"type":"branch","line":508,"loc":{"start":{"line":508,"column":6},"end":{"line":510,"column":21}},"locations":[{"start":{"line":508,"column":6},"end":{"line":510,"column":21}}]},"83":{"type":"branch","line":510,"loc":{"start":{"line":510,"column":21},"end":{"line":528,"column":3}},"locations":[{"start":{"line":510,"column":21},"end":{"line":528,"column":3}}]},"84":{"type":"branch","line":539,"loc":{"start":{"line":539,"column":38},"end":{"line":621,"column":3}},"locations":[{"start":{"line":539,"column":38},"end":{"line":621,"column":3}}]},"85":{"type":"branch","line":545,"loc":{"start":{"line":545,"column":75},"end":{"line":550,"column":5}},"locations":[{"start":{"line":545,"column":75},"end":{"line":550,"column":5}}]},"86":{"type":"branch","line":550,"loc":{"start":{"line":550,"column":4},"end":{"line":557,"column":32}},"locations":[{"start":{"line":550,"column":4},"end":{"line":557,"column":32}}]},"87":{"type":"branch","line":557,"loc":{"start":{"line":557,"column":30},"end":{"line":559,"column":21}},"locations":[{"start":{"line":557,"column":30},"end":{"line":559,"column":21}}]},"88":{"type":"branch","line":559,"loc":{"start":{"line":559,"column":21},"end":{"line":565,"column":5}},"locations":[{"start":{"line":559,"column":21},"end":{"line":565,"column":5}}]},"89":{"type":"branch","line":565,"loc":{"start":{"line":565,"column":4},"end":{"line":573,"column":37}},"locations":[{"start":{"line":565,"column":4},"end":{"line":573,"column":37}}]},"90":{"type":"branch","line":573,"loc":{"start":{"line":573,"column":37},"end":{"line":578,"column":5}},"locations":[{"start":{"line":573,"column":37},"end":{"line":578,"column":5}}]},"91":{"type":"branch","line":578,"loc":{"start":{"line":578,"column":4},"end":{"line":596,"column":21}},"locations":[{"start":{"line":578,"column":4},"end":{"line":596,"column":21}}]},"92":{"type":"branch","line":596,"loc":{"start":{"line":596,"column":21},"end":{"line":607,"column":5}},"locations":[{"start":{"line":596,"column":21},"end":{"line":607,"column":5}}]},"93":{"type":"branch","line":607,"loc":{"start":{"line":607,"column":4},"end":{"line":614,"column":11}},"locations":[{"start":{"line":607,"column":4},"end":{"line":614,"column":11}}]},"94":{"type":"branch","line":614,"loc":{"start":{"line":614,"column":2},"end":{"line":620,"column":3}},"locations":[{"start":{"line":614,"column":2},"end":{"line":620,"column":3}}]},"95":{"type":"branch","line":568,"loc":{"start":{"line":568,"column":22},"end":{"line":568,"column":77}},"locations":[{"start":{"line":568,"column":22},"end":{"line":568,"column":77}}]},"96":{"type":"branch","line":568,"loc":{"start":{"line":568,"column":44},"end":{"line":568,"column":67}},"locations":[{"start":{"line":568,"column":44},"end":{"line":568,"column":67}}]},"97":{"type":"branch","line":568,"loc":{"start":{"line":568,"column":55},"end":{"line":568,"column":77}},"locations":[{"start":{"line":568,"column":55},"end":{"line":568,"column":77}}]},"98":{"type":"branch","line":571,"loc":{"start":{"line":571,"column":44},"end":{"line":571,"column":75}},"locations":[{"start":{"line":571,"column":44},"end":{"line":571,"column":75}}]},"99":{"type":"branch","line":581,"loc":{"start":{"line":581,"column":39},"end":{"line":586,"column":6}},"locations":[{"start":{"line":581,"column":39},"end":{"line":586,"column":6}}]},"100":{"type":"branch","line":627,"loc":{"start":{"line":627,"column":23},"end":{"line":689,"column"
[...]
line":73,"column":45}},"73":{"start":{"line":74,"column":0},"end":{"line":74,"column":68}},"74":{"start":{"line":75,"column":0},"end":{"line":75,"column":0}},"75":{"start":{"line":76,"column":0},"end":{"line":76,"column":27}},"76":{"start":{"line":77,"column":0},"end":{"line":77,"column":55}},"77":{"start":{"line":78,"column":0},"end":{"line":78,"column":0}},"78":{"start":{"line":79,"column":0},"end":{"line":79,"column":18}},"79":{"start":{"line":80,"column":0},"end":{"line":80,"column":57}},"80":{"start":{"line":81,"column":0},"end":{"line":81,"column":0}},"81":{"start":{"line":82,"column":0},"end":{"line":82,"column":26}},"82":{"start":{"line":83,"column":0},"end":{"line":83,"column":32}},"83":{"start":{"line":84,"column":0},"end":{"line":84,"column":0}},"84":{"start":{"line":85,"column":0},"end":{"line":85,"column":64}},"85":{"start":{"line":86,"column":0},"end":{"line":86,"column":50}},"86":{"start":{"line":87,"column":0},"end":{"line":87,"column":18}},"87":{"start":{"line":88,"column":0},"end":{"line":88,"column":57}},"88":{"start":{"line":89,"column":0},"end":{"line":89,"column":7}},"89":{"start":{"line":90,"column":0},"end":{"line":90,"column":0}},"90":{"start":{"line":91,"column":0},"end":{"line":91,"column":54}},"91":{"start":{"line":92,"column":0},"end":{"line":92,"column":19}},"92":{"start":{"line":93,"column":0},"end":{"line":93,"column":62}},"93":{"start":{"line":94,"column":0},"end":{"line":94,"column":14}},"94":{"start":{"line":95,"column":0},"end":{"line":95,"column":21}},"95":{"start":{"line":96,"column":0},"end":{"line":96,"column":62}},"96":{"start":{"line":97,"column":0},"end":{"line":97,"column":7}},"97":{"start":{"line":98,"column":0},"end":{"line":98,"column":3}},"98":{"start":{"line":99,"column":0},"end":{"line":99,"column":1}}},"s":{"0":1,"1":1,"2":1,"3":1,"4":1,"5":1,"6":1,"7":1,"8":1,"9":1,"10":1,"11":1,"12":1,"13":1,"14":1,"15":1,"16":1,"17":1,"18":1,"19":1,"20":1,"21":1,"22":7,"23":7,"24":7,"25":7,"26":7,"27":7,"28":7,"29":7,"30":7,"31":7,"32":1,"33":1,"34":1,"35":1,"36":1,"37":6,"38":6,"39":6,"40":6,"41":6,"42":7,"43":1,"44":1,"45":1,"46":1,"47":1,"48":4,"49":4,"50":4,"51":4,"52":4,"53":4,"54":4,"55":1,"56":1,"57":1,"58":1,"59":1,"60":3,"61":3,"62":3,"63":3,"64":3,"65":3,"66":3,"67":3,"68":6,"69":3,"70":3,"71":3,"72":3,"73":3,"74":3,"75":3,"76":3,"77":3,"78":3,"79":3,"80":3,"81":3,"82":3,"83":3,"84":3,"85":3,"86":3,"87":3,"88":3,"89":3,"90":3,"91":7,"92":1,"93":1,"94":1,"95":1,"96":1,"97":1,"98":7},"branchMap":{"0":{"type":"branch","line":23,"loc":{"start":{"line":23,"column":0},"end":{"line":99,"column":1}},"locations":[{"start":{"line":23,"column":0},"end":{"line":99,"column":1}}]},"1":{"type":"branch","line":32,"loc":{"start":{"line":32,"column":29},"end":{"line":37,"column":5}},"locations":[{"start":{"line":32,"column":29},"end":{"line":37,"column":5}}]},"2":{"type":"branch","line":37,"loc":{"start":{"line":37,"column":4},"end":{"line":42,"column":63}},"locations":[{"start":{"line":37,"column":4},"end":{"line":42,"column":63}}]},"3":{"type":"branch","line":42,"loc":{"start":{"line":42,"column":61},"end":{"line":43,"column":18}},"locations":[{"start":{"line":42,"column":61},"end":{"line":43,"column":18}}]},"4":{"type":"branch","line":43,"loc":{"start":{"line":43,"column":18},"end":{"line":60,"column":5}},"locations":[{"start":{"line":43,"column":18},"end":{"line":60,"column":5}}]},"5":{"type":"branch","line":43,"loc":{"start":{"line":43,"column":18},"end":{"line":48,"column":5}},"locations":[{"start":{"line":43,"column":18},"end":{"line":48,"column":5}}]},"6":{"type":"branch","line":55,"loc":{"start":{"line":55,"column":22},"end":{"line":60,"column":5}},"locations":[{"start":{"line":55,"column":22},"end":{"line":60,"column":5}}]},"7":{"type":"branch","line":60,"loc":{"start":{"line":60,"column":4},"end":{"line":92,"column":11}},"locations":[{"start":{"line":60,"column":4},"end":{"line":92,"column":11}}]},"8":{"type":"branch","line":92,"loc":{"start":{"line":92,"column":2},"end":{"line":98,"column":3}},"locations":[{"start":{"line":92,"column":2},"end":{"line":98,"column":3}}]},"9":{"type":"branch","line":68,"loc":{"start":{"line":68,"column":27},"end":{"line":70,"column":5}},"locations":[{"start":{"line":68,"column":27},"end":{"line":70,"column":5}}]}},"b":{"0":[7],"1":[1],"2":[6],"3":[5],"4":[4],"5":[1],"6":[1],"7":[3],"8":[1],"9":[6]},"fnMap":{"0":{"name":"handleSessionRestart","decl":{"start":{"line":23,"column":0},"end":{"line":99,"column":1}},"loc":{"start":{"line":23,"column":0},"end":{"line":99,"column":1}},"line":23}},"f":{"0":7}}
,"/Users/zacharyplischka/projects/Hobby/dinner_app/backend/src/websocket/submitHandler.ts": {"path":"/Users/zacharyplischka/projects/Hobby/dinner_app/backend/src/websocket/submitHandler.ts","all":false,"statementMap":{"0":{"start":{"line":1,"column":0},"end":{"line":1,"column":47}},"1":{"start":{"line":2,"column":0},"end":{"line":2,"column":75}},"2":{"start":{"line":3,"column":0},"end":{"line":3,"column":0}},"3":{"start":{"line":4,"column":0},"end":{"line":4,"column":48}},"4":{"start":{"line":5,"column":0},"end":{"line":5,"column":24}},"5":{"start":{"line":6,"column":0},"end":{"line":6,"column":68}},"6":{"start":{"line":7,"column":0},"end":{"line":7,"column":64}},"7":{"start":{"line":8,"column":0},"end":{"line":8,"column":61}},"8":{"start":{"line":9,"column":0},"end":{"line":9,"column":53}},"9":{"start":{"line":10,"column":0},"end":{"line":10,"column":58}},"10":{"start":{"line":11,"column":0},"end":{"line":11,"column":43}},"11":{"start":{"line":12,"column":0},"end":{"line":12,"column":13}},"12":{"start":{"line":13,"column":0},"end":{"line":13,"column":23}},"13":{"start":{"line":14,"column":0},"end":{"line":14,"column":23}},"14":{"start":{"line":15,"column":0},"end":{"line":15,"column":25}},"15":{"start":{"line":16,"column":0},"end":{"line":16,"column":26}},"16":{"start":{"line":17,"column":0},"end":{"line":17,"column":30}},"17":{"start":{"line":18,"column":0},"end":{"line":18,"column":0}},"18":{"start":{"line":19,"column":0},"end":{"line":19,"column":28}},"19":{"start":{"line":20,"column":0},"end":{"line":20,"column":83}},"20":{"start":{"line":21,"column":0},"end":{"line":21,"column":67}},"21":{"start":{"line":22,"column":0},"end":{"line":22,"column":47}},"22":{"start":{"line":23,"column":0},"end":{"line":23,"column":49}},"23":{"start":{"line":24,"column":0},"end":{"line":24,"column":42}},"24":{"start":{"line":25,"column":0},"end":{"line":25,"column":3}},"25":{"start":{"line":26,"column":0},"end":{"line":26,"column":0}},"26":{"start":{"line":27,"column":0},"end":{"line":27,"column":44}},"27":{"start":{"line":28,"column":0},"end":{"line":28,"column":61}},"28":{"start":{"line":29,"column":0},"end":{"line":29,"column":57}},"29":{"start":{"line":30,"column":0},"end":{"line":30,"column":34}},"30":{"start":{"line":31,"column":0},"end":{"line":31,"column":55}},"31":{"start":{"line":32,"column":0},"end":{"line":32,"column":18}},"32":{"start":{"line":33,"column":0},"end":{"line":33,"column":7}},"33":{"start":{"line":34,"column":0},"end":{"line":34,"column":23}},"34":{"start":{"line":35,"column":0},"end":{"line":35,"column":71}},"35":{"start":{"line":36,"column":0},"end":{"line":36,"column":30}},"36":{"start":{"line":37,"column":0},"end":{"line":37,"column":23}},"37":{"start":{"line":38,"column":0},"end":{"line":38,"column":23}},"38":{"start":{"line":39,"column":0},"end":{"line":39,"column":72}},"39":{"start":{"line":40,"column":0},"end":{"line":40,"column":9}},"40":{"start":{"line":41,"column":0},"end":{"line":41,"column":5}},"41":{"start":{"line":42,"column":0},"end":{"line":42,"column":0}},"42":{"start":{"line":43,"column":0},"end":{"line":43,"column":56}},"43":{"start":{"line":44,"column":0},"end":{"line":44,"column":0}},"44":{"start":{"line":45,"column":0},"end":{"line":45,"column":27}},"45":{"start":{"line":46,"column":0},"end":{"line":46,"column":63}},"46":{"start":{"line":47,"column":0},"end":{"line":47,"column":19}},"47":{"start":{"line":48,"column":0},"end":{"line":48,"column":23}},"48":{"start":{"line":49,"column":0},"end":{"line":49,"column":23}},"49":{"start":{"line":50,"column":0},"end":{"line":50,"column":50}},"50":{"start":{"line":51,"column":0},"end":{"line":51,"column":9}},"51":{"start":{"line":52,"column":0},"end":{"line":52,"column":5}},"52":{"start":{"line":53,"column":0},"end":{"line":53,"column":0}},"53":{"start":{"line":54,"column":0},"end":{"line":54,"column":38}},"54":{"start":{"line":55,"column":0},"end":{"line":55,"column":70}},"55":{"start":{"line":56,"column":0},"end":{"line":56,"column":18}},"56":{"start":{"line":57,"column":0},"end":{"line":57,"column":15}},"57":{"start":{"line":58,"column":0},"end":{"line":58,"column":6}},"58":{"start":{"line":59,"column":0},"end":{"line":59,"column":23}},"59":{"start":{"line":60,"column":0},"end":{"line":60,"column":23}},"60":{"start":{"line":61,"column":0},"end":{"line":61,"column":23}},"61":{"start":{"line":62,"column":0},"end":{"line":62,"column":59}},"62":{"start":{"line":63,"column":0},"end":{"line":63,"column":9}},"63":{"start":{"line":64,"column":0},"end":{"line":64,"column":5}},"64":{"start":{"line":65,"column":0},"end":{"line":65,"column":0}},"65":{"start":{"line":66,"column":0},"end":{"line":66,"column":73}},"66":{"start":{"line":67,"column":0},"end":{"line":67,"column":9}},"67":{"start":{"line":68,"column":0},"end":{"line":68,"column":82}},"68":{"start":{"line":69,"column":0},"end":{"line":69,"column":21}},"69":{"start":{"line":70,"column":0},"end":{"line":70,"column":23}},"70":{"start":{"line":71,"column":0},"end":{"line":71,"column":23}},"71":{"start":{"line":72,"column":0},"end":{"line":72,"column":76}},"72":{"start":{"line":73,"column":0},"end":{"line":73,"column":54}},"73":{"start":{"line":74,"column":0},"end":{"line":74,"column":75}},"74":{"start":{"line":75,"column":0},"end":{"line":75,"column":56}},"75":{"start":{"line":76,"column":0},"end":{"line":76,"column":42}},"76":{"start":{"line":77,"column":0},"end":{"line":77,"column":9}},"77":{"start":{"line":78,"column":0},"end":{"line":78,"column":5}},"78":{"start":{"line":79,"column":0},"end":{"line":79,"column":0}},"79":{"start":{"line":80,"column":0},"end":{"line":80,"column":36}},"80":{"start":{"line":81,"column":0},"end":{"line":81,"column":63}},"81":{"start":{"line":82,"column":0},"end":{"line":82,"column":0}},"82":{"start":{"line":83,"column":0},"end":{"line":83,"column":27}},"83":{"start":{"line":84,"column":0},"end":{"line":84,"column":55}},"84":{"start":{"line":85,"column":0},"end":{"line":85,"column":0}},"85":{"start":{"line":86,"column":0},"end":{"line":86,"column":18}},"86":{"start":{"line":87,"column":0},"end":{"line":87,"column":87}},"87":{"start":{"line":88,"column":0},"end":{"line":88,"column":57}},"88":{"start":{"line":89,"column":0},"end":{"line":89,"column":0}},"89":{"start":{"line":90,"column":0},"end":{"line":90,"column":26}},"90":{"start":{"line":91,"column":0},"end":{"line":91,"column":32}},"91":{"start":{"line":92,"column":0},"end":{"line":92,"column":0}},"92":{"start":{"line":93,"column":0},"end":{"line":93,"column":27}},"93":{"start":{"line":94,"column":0},"end":{"line":94,"column":81}},"94":{"start":{"line":95,"column":0},"end":{"line":95,"column":51}},"95":{"start":{"line":96,"column":0},"end":{"line":96,"column":0}},"96":{"start":{"line":97,"column":0},"end":{"line":97,"column":96}},"97":{"start":{"line":98,"column":0},"end":{"line":98,"column":54}},"98":{"start":{"line":99,"column":0},"end":{"line":99,"column":31}},"99":{"start":{"line":100,"column":0},"end":{"line":100,"column":21}},"100":{"start":{"line":101,"column":0},"end":{"line":101,"column":23}},"101":{"start":{"line":102,"column":0},"end":{"line":102,"column":7}},"102":{"start":{"line":103,"column":0},"end":{"line":103,"column":0}},"103":{"start":{"line":104,"column":0},"end":{"line":104,"column":96}},"104":{"start":{"line":105,"column":0},"end":{"line":105,"column":0}},"105":{"start":{"line":106,"column":0},"end":{"line":106,"column":29}},"106":{"start":{"line":107,"column":0},"end":{"line":107,"column":61}},"107":{"start":{"line":108,"column":0},"end":{"line":108,"column":0}},"108":{"start":{"line":109,"column":0},"end":{"line":109,"column":23}},"109":{"start":{"line":110,"column":0},"end":{"line":110,"column":26}},"110":{"start":{"line":111,"column":0},"end":{"line":111,"column":73}},"111":{"start":{"line":112,"column":0},"end":{"line":112,"column":0}},"112":{"start":{"line":113,"column":0},"end":{"line":113,"column":22}},"113":{"start":{"line":114,"column":0},"end":{"line":114,"column":40}},"114":{"start":{"line":115,"column":0},"end":{"line":115,"column":20}},"115":{"start":{"line":116,"column":0},"end":{"line":116,"column":60}},"116":{"start":{"line":117,"column":0},"end":{"line":117,"column":8}},"117":{"start":{"line":118,"column":0},"end":{"line":118,"column":0}},"118":{"start":{"line":119,"column":0},"end":{"line":119,"column":85}},"119":{"start":{"line":120,"column":0},"end":{"line":120,"column":59}},"120":{"start":{"line":121,"column":0},"end":{"line":121,"column":0}},"121":{"start":{"line":122,"column":0},"end":{"line":122,"column":29}},"122":{"start":{"line":123,"column":0},"end":{"line":123,"column":69}},"123":{"start":{"line":124,"column":0},"end":{"line":124,"column":0}},"124":{"start":{"line":125,"column":0},"end":{"line":125,"column":65}},"125":{"start":{"line":126,"column":0},"end":{"line":126,"column":50}},"126":{"start":{"line":127,"column":0},"end":{"line":127,"column":20}},"127":{"start":{"line":128,"column":0},"end":{"line":128,"column":55}},"128":{"start":{"line":129,"column":0},"end":{"line":129,"column":45}},"129":{"start":{"line":130,"column":0},"end":{"line":130,"column":49}},"130":{"start":{"line":131,"column":0},"end":{"line":131,"column":39}},"131":{"start":{"line":132,"column":0},"end":{"line":132,"column":9}},"132":{"start":{"line":133,"column":0},"end":{"line":133,"column":0}},"133":{"start":{"line":134,"column":0},"end":{"line":134,"column":18}},"134":{"start":{"line":135,"column":0},"end":{"line":135,"column":99}},"135":{"start":{"line":136,"column":0},"end":{"line":136,"column":8}},"136":{"start":{"line":137,"column":0},"end":{"line":137,"column":5}},"137":{"start":{"line":138,"column":0},"end":{"line":138,"column":19}},"138":{"start":{"line":139,"column":0},"end":{"line":139,"column":63}},"139":{"start":{"line":140,"column":0},"end":{"line":140,"column":14}},"140":{"start":{"line":141,"column":0},"end":{"line":141,"column":21}},"141":{"start":{"line":142,"column":0},"end":{"line":142,"column":61}},"142":{"start":{"line":143,"column":0},"end":{"line":143,"column":7}},"143":{"start":{"line":144,"column":0},"end":{"line":144,"column":3}},"144":{"start":{"line":145,"column":0},"end":{"line":145,"column":1}}},"s":{"0":1,"1":1,"2":1,"3":1,"4":1,"5":1,"6":1,"7":1,"8":1,"9":1,"10":1,"11":1,"12":1,"13":1,"14":1,"15":1,"16":1,"17":1,"18":1,"19":1,"20":1,"21":1,"22":1,"23":1,"24":1,"25":1,"26":16,"27":16,"28":16,"29":16,"30":16,"31":16,"32":16,"33":16,"34":16,"35":16,"36":1,"37":1,"38":1,"39":1,"40":1,"41":15,"42":15,"43":15,"44":15,"45":15,"46":16,"47":1,"48":1,"49":1,"50":1,"51":1,"52":13,"53":13,"54":13,"55":13,"56":13,"57":13,"58":16,"59":1,"60":1,"61":1,"62":1,"63":1,"64":12,"65":12,"66":12,"67":12,"68":16,"69":3,"70":3,"71":3,"72":1,"73":2,"74":1,"75":1,"76":3,"77":3,"78":9,"79":9,"80":9,"81":9,"82":9,"83":9,"84":9,"85":9,"86":9,"87":9,"88":9,"89":9,"90":9,"91":9,"92":9,"93":9,"94":9,"95":9,"96":9,"97":9,"98":9,"99":9,"100":9,"101":9,"102":9,"103":9,"104":9,"105":9,"106":9,"107":9,"108":9,"109":5,"110":5,"111":5,"112":5,"113":5,"114":5,"115":5,"116":5,"117":5,"118":5,"119":5,"120":5,"121":5,"122":5,"123":4,"124":4,"125":4,"126":4,"127":4,"128":4,"129":4,"130":4,"131":4,"132":4,"133":4,"134":5,"135":5,"136":5,"137":16,"138":1,"139":1,"140":1,"141":1,"142":1,"143":1,"144":16},"branchMap":{"0":{"type":"branch","line":27,"loc":{"start":{"line":27,"column":0},"end":{"line":145,"column":1}},"locations":[{"start":{"line":27,"column":0},"end":{"line":145,"column":1}}]},"1":{"type":"branch","line":36,"loc":{"start":{"line":36,"column":29},"end":{"line":41,"column":5}},"locations":[{"start":{"line":36,"column":29},"end":{"line":41,"column":5}}]},"2":{"type":"branch","line":41,"loc":{"start":{"line":41,"column":4},"end":{"line":46,"column":63}},"locations":[{"start":{"line":41,"column":4},"end":{"line":46,"column":63}}]},"3":{"type":"branch","line":46,"loc":{"start":{"line":46,"column":61},"end":{"line":47,"column":18}},"locations":[{"start":{"line":46,"column":61},"end":{"line":47,"column":18}}]},"4":{"type":"branch","line":47,"loc":{"start":{"line":47,"column":18},"end":{"line":52,"column":5}},"locations":[{"start":{"line":47,"column":18},"end":{"line":52,"column":5}}]},"5":{"type":"branch","line":52,"loc":{"start":{"line":52,"column":4},"end":{"line":59,"column":22}},"locations":[{"start":{"line":52,"column":4},"end":{"line":59,"column":22}}]},"6":{"type":"branch","line":59,"loc":{"start":{"line":59,"column":22},"end":{"line":64,"column":5}},"locations":[{"start":{"line":59,"column":22},"end":{"line":64,"column":5}}]},"7":{"type":"branch","line":64,"loc":{"start":{"line":64,"column":4},"end":{"line":68,"column":82}},"locations":[{"start":{"line":64,"column":4},"end":{"line":68,"column":82}}]},"8":{"type":"branch","line":68,"loc":{"start":{"line":68,"column":80},"end":{"line":69,"column":13}},"locations":[{"start":{"line":68,"column":80},"end":{"line":69,"column":13}}]},"9":{"type":"branch","line":69,"loc":{"start":{"line":69,"column":4},"end":{"line":78,"column":5}},"locations":[{"start":{"line":69,"column":4},"end":{"line":78,"column":5}}]},"10":{"type":"branch","line":72,"loc":{"start":{"line":72,"column":59},"end":{"line":73,"column":54}},"locations":[{"start":{"line":72,"column":59},"end":{"line":73,"column":54}}]},"11":{"type":"branch","line":73,"loc":{"start":{"line":73,"column":12},"end":{"line":76,"column":42}},"locations":[{"start":{"line":73,"column":12},"end":{"line":76,"column":42}}]},"12":{"type":"branch","line":74,"loc":{"start":{"line":74,"column":56},"end":{"line":75,"column":56}},"locations":[{"start":{"line":74,"column":56},"end":{"line":75,"column":56}}]},"13":{"type":"branch","line":75,"loc":{"start":{"line":75,"column":12},"end":{"line":76,"column":42}},"locations":[{"start":{"line":75,"column":12},"end":{"line":76,"column":42}}]},"14":{"type":"branch","line":78,"loc":{"start":{"line":78,"column":4},"end":{"line":137,"column":5}},"locations":[{"start":{"line":78,"column":4},"end":{"line":137,"column":5}}]},"15":{"type":"branch","line":109,"loc":{"start":{"line":109,"column":22},"end":{"line":137,"column":5}},"locations":[{"start":{"line":109,"column":22},"end":{"line":137,"column":5}}]},"16":{"type":"branch","line":123,"loc":{"start":{"line":123,"column":67},"end":{"line":135,"column":68}},"locations":[{"start":{"line":123,"column":67},"end":{"line":135,"column":68}}]},"17":{"type":"branch","line":135,"loc":{"start":{"line":135,"column":55},"end":{"line":135,"column":85}},"locations":[{"start":{"line":135,"column":55},"end":{"line":135,"column":85}}]},"18":{"type":"branch","line":135,"loc":{"start":{"line":135,"column":68},"end":{"line":135,"column":97}},"locations":[{"start":{"line":135,"column":68},"end":{"line":135,"column":97}}]},"19":{"type":"branch","line":138,"loc":{"start":{"line":138,"column":2},"end":{"line":144,"column":3}},"locations":[{"start":{"line":138,"column":2},"end":{"line":144,"column":3}}]},"20":{"type":"branch","line":116,"loc":{"start":{"line":116,"column":39},"end":{"line":116,"column":59}},"locations":[{"start":{"line":116,"column":39},"end":{"line":116,"column":59}}]}},"b":{"0":[16],"1":[1],"2":[15],"3":[14],"4":[1],"5":[13],"6":[1],"7":[12],"8":[9],"9":[3],"10":[1],"11":[2],"12":[1],"13":[1],"14":[9],"15":[5],"16":[4],"17":[1],"18":[3],"19":[1],"20":[1]},"fnMap":{"0":{"name":"handleSelectionSubmit","decl":{"start":{"line":27,"column":0},"end":{"line":145,"column":1}},"loc":{"start":{"line":27,"column":0},"end":{"line":145,"column":1}},"line":27}},"f":{"0":16}}
}
